ERROR - 2013-12-09T10:02:18+00:00 - exception 'ErrorException' with message 'Array to string conversion' in /home/johan/Git/StudentTrade/StudentTrade/Composer/vendor/twig/twig/lib/Twig/Environment.php(331) : eval()'d code:110
Stack trace:
#0 /home/johan/Git/StudentTrade/StudentTrade/Composer/vendor/twig/twig/lib/Twig/Environment.php(331) : eval()'d code(110): Slim\Slim::handleErrors(8, 'Array to string...', '/home/johan/Git...', 110, Array)
#1 /home/johan/Git/StudentTrade/StudentTrade/Composer/vendor/twig/twig/lib/Twig/Template.php(276): __TwigTemplate_be31741c9cb9de197cea7bf11c3b764cda10e278665225ea1d4777d6ebf5fae0->doDisplay(Array, Array)
#2 /home/johan/Git/StudentTrade/StudentTrade/Composer/vendor/twig/twig/lib/Twig/Template.php(250): Twig_Template->displayWithErrorHandling(Array, Array)
#3 /home/johan/Git/StudentTrade/StudentTrade/Composer/vendor/twig/twig/lib/Twig/Template.php(261): Twig_Template->display(Array)
#4 /home/johan/Git/StudentTrade/StudentTrade/Composer/vendor/slim/views/Slim/Views/Twig.php(88): Twig_Template->render(Array, NULL)
#5 /home/johan/Git/StudentTrade/StudentTrade/Composer/vendor/slim/slim/Slim/View.php(255): Slim\Views\Twig->render('index.tpl', NULL)
#6 /home/johan/Git/StudentTrade/StudentTrade/Composer/vendor/slim/slim/Slim/View.php(243): Slim\View->fetch('index.tpl', NULL)
#7 /home/johan/Git/StudentTrade/StudentTrade/Composer/vendor/slim/slim/Slim/Slim.php(751): Slim\View->display('index.tpl')
#8 /home/johan/Git/StudentTrade/Public/index.php(33): Slim\Slim->render('index.tpl', Array)
#9 [internal function]: {closure}()
#10 /home/johan/Git/StudentTrade/StudentTrade/Composer/vendor/slim/slim/Slim/Route.php(441): call_user_func_array(Object(Closure), Array)
#11 /home/johan/Git/StudentTrade/StudentTrade/Composer/vendor/slim/slim/Slim/Slim.php(1314): Slim\Route->dispatch()
#12 /home/johan/Git/StudentTrade/StudentTrade/Composer/vendor/slim/slim/Slim/Middleware/Flash.php(85): Slim\Slim->call()
#13 /home/johan/Git/StudentTrade/StudentTrade/Composer/vendor/slim/slim/Slim/Middleware/MethodOverride.php(92): Slim\Middleware\Flash->call()
#14 /home/johan/Git/StudentTrade/StudentTrade/Composer/vendor/slim/slim/Slim/Middleware/PrettyExceptions.php(67): Slim\Middleware\MethodOverride->call()
#15 /home/johan/Git/StudentTrade/StudentTrade/Composer/vendor/slim/slim/Slim/Slim.php(1261): Slim\Middleware\PrettyExceptions->call()
#16 /home/johan/Git/StudentTrade/Public/index.php(45): Slim\Slim->run()
#17 {main}

Next exception 'Twig_Error_Runtime' with message 'An exception has been thrown during the rendering of a template ("Array to string conversion") in "index.tpl" at line 86.' in /home/johan/Git/StudentTrade/StudentTrade/Composer/vendor/twig/twig/lib/Twig/Template.php:291
Stack trace:
#0 /home/johan/Git/StudentTrade/StudentTrade/Composer/vendor/twig/twig/lib/Twig/Template.php(250): Twig_Template->displayWithErrorHandling(Array, Array)
#1 /home/johan/Git/StudentTrade/StudentTrade/Composer/vendor/twig/twig/lib/Twig/Template.php(261): Twig_Template->display(Array)
#2 /home/johan/Git/StudentTrade/StudentTrade/Composer/vendor/slim/views/Slim/Views/Twig.php(88): Twig_Template->render(Array, NULL)
#3 /home/johan/Git/StudentTrade/StudentTrade/Composer/vendor/slim/slim/Slim/View.php(255): Slim\Views\Twig->render('index.tpl', NULL)
#4 /home/johan/Git/StudentTrade/StudentTrade/Composer/vendor/slim/slim/Slim/View.php(243): Slim\View->fetch('index.tpl', NULL)
#5 /home/johan/Git/StudentTrade/StudentTrade/Composer/vendor/slim/slim/Slim/Slim.php(751): Slim\View->display('index.tpl')
#6 /home/johan/Git/StudentTrade/Public/index.php(33): Slim\Slim->render('index.tpl', Array)
#7 [internal function]: {closure}()
#8 /home/johan/Git/StudentTrade/StudentTrade/Composer/vendor/slim/slim/Slim/Route.php(441): call_user_func_array(Object(Closure), Array)
#9 /home/johan/Git/StudentTrade/StudentTrade/Composer/vendor/slim/slim/Slim/Slim.php(1314): Slim\Route->dispatch()
#10 /home/johan/Git/StudentTrade/StudentTrade/Composer/vendor/slim/slim/Slim/Middleware/Flash.php(85): Slim\Slim->call()
#11 /home/johan/Git/StudentTrade/StudentTrade/Composer/vendor/slim/slim/Slim/Middleware/MethodOverride.php(92): Slim\Middleware\Flash->call()
#12 /home/johan/Git/StudentTrade/StudentTrade/Composer/vendor/slim/slim/Slim/Middleware/PrettyExceptions.php(67): Slim\Middleware\MethodOverride->call()
#13 /home/johan/Git/StudentTrade/StudentTrade/Composer/vendor/slim/slim/Slim/Slim.php(1261): Slim\Middleware\PrettyExceptions->call()
#14 /home/johan/Git/StudentTrade/Public/index.php(45): Slim\Slim->run()
#15 {main}
ERROR - 2013-12-09T10:08:51+00:00 - exception 'Twig_Error_Syntax' with message 'A template that extends another one cannot have a body in "layout.tpl" at line 1.' in /home/johan/Git/StudentTrade/StudentTrade/Composer/vendor/twig/twig/lib/Twig/Parser.php:370
Stack trace:
#0 /home/johan/Git/StudentTrade/StudentTrade/Composer/vendor/twig/twig/lib/Twig/Parser.php(383): Twig_Parser->filterBodyNodes(Object(Twig_Node_Text))
#1 /home/johan/Git/StudentTrade/StudentTrade/Composer/vendor/twig/twig/lib/Twig/Parser.php(98): Twig_Parser->filterBodyNodes(Object(Twig_Node))
#2 /home/johan/Git/StudentTrade/StudentTrade/Composer/vendor/twig/twig/lib/Twig/Environment.php(507): Twig_Parser->parse(Object(Twig_TokenStream))
#3 /home/johan/Git/StudentTrade/StudentTrade/Composer/vendor/twig/twig/lib/Twig/Environment.php(559): Twig_Environment->parse(Object(Twig_TokenStream))
#4 /home/johan/Git/StudentTrade/StudentTrade/Composer/vendor/twig/twig/lib/Twig/Environment.php(331): Twig_Environment->compileSource('<html>??<head>?...', 'layout.tpl')
#5 /home/johan/Git/StudentTrade/StudentTrade/Composer/vendor/twig/twig/lib/Twig/Environment.php(331) : eval()'d code(10): Twig_Environment->loadTemplate('layout.tpl')
#6 /home/johan/Git/StudentTrade/StudentTrade/Composer/vendor/twig/twig/lib/Twig/Environment.php(345): __TwigTemplate_1ea7e9c7802025e01e66ec98261c0caf18116915b4585b57be08c5b4ead3cf29->__construct(Object(Twig_Environment))
#7 /home/johan/Git/StudentTrade/StudentTrade/Composer/vendor/slim/views/Slim/Views/Twig.php(86): Twig_Environment->loadTemplate('front.tpl')
#8 /home/johan/Git/StudentTrade/StudentTrade/Composer/vendor/slim/slim/Slim/View.php(255): Slim\Views\Twig->render('front.tpl', NULL)
#9 /home/johan/Git/StudentTrade/StudentTrade/Composer/vendor/slim/slim/Slim/View.php(243): Slim\View->fetch('front.tpl', NULL)
#10 /home/johan/Git/StudentTrade/StudentTrade/Composer/vendor/slim/slim/Slim/Slim.php(751): Slim\View->display('front.tpl')
#11 /home/johan/Git/StudentTrade/Public/index.php(37): Slim\Slim->render('front.tpl', Array)
#12 [internal function]: {closure}('linkoping')
#13 /home/johan/Git/StudentTrade/StudentTrade/Composer/vendor/slim/slim/Slim/Route.php(441): call_user_func_array(Object(Closure), Array)
#14 /home/johan/Git/StudentTrade/StudentTrade/Composer/vendor/slim/slim/Slim/Slim.php(1314): Slim\Route->dispatch()
#15 /home/johan/Git/StudentTrade/StudentTrade/Composer/vendor/slim/slim/Slim/Middleware/Flash.php(85): Slim\Slim->call()
#16 /home/johan/Git/StudentTrade/StudentTrade/Composer/vendor/slim/slim/Slim/Middleware/MethodOverride.php(92): Slim\Middleware\Flash->call()
#17 /home/johan/Git/StudentTrade/StudentTrade/Composer/vendor/slim/slim/Slim/Middleware/PrettyExceptions.php(67): Slim\Middleware\MethodOverride->call()
#18 /home/johan/Git/StudentTrade/StudentTrade/Composer/vendor/slim/slim/Slim/Slim.php(1261): Slim\Middleware\PrettyExceptions->call()
#19 /home/johan/Git/StudentTrade/Public/index.php(45): Slim\Slim->run()
#20 {main}
ERROR - 2013-12-09T12:36:39+00:00 - exception 'ErrorException' with message 'Undefined variable: rootDir' in /home/johan/Git/StudentTrade/StudentTrade/Class/Views.php:12
Stack trace:
#0 /home/johan/Git/StudentTrade/StudentTrade/Class/Views.php(12): Slim\Slim::handleErrors(8, 'Undefined varia...', '/home/johan/Git...', 12, Array)
#1 /home/johan/Git/StudentTrade/Public/index.php(38): Views->city()
#2 [internal function]: {closure}('linkoping')
#3 /home/johan/Git/StudentTrade/StudentTrade/Composer/vendor/slim/slim/Slim/Route.php(441): call_user_func_array(Object(Closure), Array)
#4 /home/johan/Git/StudentTrade/StudentTrade/Composer/vendor/slim/slim/Slim/Slim.php(1314): Slim\Route->dispatch()
#5 /home/johan/Git/StudentTrade/StudentTrade/Composer/vendor/slim/slim/Slim/Middleware/Flash.php(85): Slim\Slim->call()
#6 /home/johan/Git/StudentTrade/StudentTrade/Composer/vendor/slim/slim/Slim/Middleware/MethodOverride.php(92): Slim\Middleware\Flash->call()
#7 /home/johan/Git/StudentTrade/StudentTrade/Composer/vendor/slim/slim/Slim/Middleware/PrettyExceptions.php(67): Slim\Middleware\MethodOverride->call()
#8 /home/johan/Git/StudentTrade/StudentTrade/Composer/vendor/slim/slim/Slim/Slim.php(1261): Slim\Middleware\PrettyExceptions->call()
#9 /home/johan/Git/StudentTrade/Public/index.php(48): Slim\Slim->run()
#10 {main}
ERROR - 2013-12-09T12:46:53+00:00 - exception 'Twig_Error_Syntax' with message 'Unknown tag name "foreach" in "layout.tpl" at line 64' in /home/johan/Git/StudentTrade/StudentTrade/Composer/vendor/twig/twig/lib/Twig/Parser.php:182
Stack trace:
#0 /home/johan/Git/StudentTrade/StudentTrade/Composer/vendor/twig/twig/lib/Twig/Parser.php(95): Twig_Parser->subparse(NULL, false)
#1 /home/johan/Git/StudentTrade/StudentTrade/Composer/vendor/twig/twig/lib/Twig/Environment.php(507): Twig_Parser->parse(Object(Twig_TokenStream))
#2 /home/johan/Git/StudentTrade/StudentTrade/Composer/vendor/twig/twig/lib/Twig/Environment.php(559): Twig_Environment->parse(Object(Twig_TokenStream))
#3 /home/johan/Git/StudentTrade/StudentTrade/Composer/vendor/twig/twig/lib/Twig/Environment.php(331): Twig_Environment->compileSource('<html>??<head>?...', 'layout.tpl')
#4 /home/johan/Git/StudentTrade/StudentTrade/Composer/vendor/twig/twig/lib/Twig/Environment.php(331) : eval()'d code(10): Twig_Environment->loadTemplate('layout.tpl')
#5 /home/johan/Git/StudentTrade/StudentTrade/Composer/vendor/twig/twig/lib/Twig/Environment.php(345): __TwigTemplate_1ea7e9c7802025e01e66ec98261c0caf18116915b4585b57be08c5b4ead3cf29->__construct(Object(Twig_Environment))
#6 /home/johan/Git/StudentTrade/StudentTrade/Composer/vendor/slim/views/Slim/Views/Twig.php(86): Twig_Environment->loadTemplate('front.tpl')
#7 /home/johan/Git/StudentTrade/StudentTrade/Composer/vendor/slim/slim/Slim/View.php(255): Slim\Views\Twig->render('front.tpl', NULL)
#8 /home/johan/Git/StudentTrade/StudentTrade/Composer/vendor/slim/slim/Slim/View.php(243): Slim\View->fetch('front.tpl', NULL)
#9 /home/johan/Git/StudentTrade/StudentTrade/Composer/vendor/slim/slim/Slim/Slim.php(751): Slim\View->display('front.tpl')
#10 /home/johan/Git/StudentTrade/Public/index.php(63): Slim\Slim->render('front.tpl', Array)
#11 [internal function]: {closure}('linkoping')
#12 /home/johan/Git/StudentTrade/StudentTrade/Composer/vendor/slim/slim/Slim/Route.php(441): call_user_func_array(Object(Closure), Array)
#13 /home/johan/Git/StudentTrade/StudentTrade/Composer/vendor/slim/slim/Slim/Slim.php(1314): Slim\Route->dispatch()
#14 /home/johan/Git/StudentTrade/StudentTrade/Composer/vendor/slim/slim/Slim/Middleware/Flash.php(85): Slim\Slim->call()
#15 /home/johan/Git/StudentTrade/StudentTrade/Composer/vendor/slim/slim/Slim/Middleware/MethodOverride.php(92): Slim\Middleware\Flash->call()
#16 /home/johan/Git/StudentTrade/StudentTrade/Composer/vendor/slim/slim/Slim/Middleware/PrettyExceptions.php(67): Slim\Middleware\MethodOverride->call()
#17 /home/johan/Git/StudentTrade/StudentTrade/Composer/vendor/slim/slim/Slim/Slim.php(1261): Slim\Middleware\PrettyExceptions->call()
#18 /home/johan/Git/StudentTrade/Public/index.php(71): Slim\Slim->run()
#19 {main}
ERROR - 2013-12-09T12:47:02+00:00 - exception 'Twig_Error_Syntax' with message 'Unknown tag name "foreach" in "layout.tpl" at line 64' in /home/johan/Git/StudentTrade/StudentTrade/Composer/vendor/twig/twig/lib/Twig/Parser.php:182
Stack trace:
#0 /home/johan/Git/StudentTrade/StudentTrade/Composer/vendor/twig/twig/lib/Twig/Parser.php(95): Twig_Parser->subparse(NULL, false)
#1 /home/johan/Git/StudentTrade/StudentTrade/Composer/vendor/twig/twig/lib/Twig/Environment.php(507): Twig_Parser->parse(Object(Twig_TokenStream))
#2 /home/johan/Git/StudentTrade/StudentTrade/Composer/vendor/twig/twig/lib/Twig/Environment.php(559): Twig_Environment->parse(Object(Twig_TokenStream))
#3 /home/johan/Git/StudentTrade/StudentTrade/Composer/vendor/twig/twig/lib/Twig/Environment.php(331): Twig_Environment->compileSource('<html>??<head>?...', 'layout.tpl')
#4 /home/johan/Git/StudentTrade/StudentTrade/Composer/vendor/twig/twig/lib/Twig/Environment.php(331) : eval()'d code(10): Twig_Environment->loadTemplate('layout.tpl')
#5 /home/johan/Git/StudentTrade/StudentTrade/Composer/vendor/twig/twig/lib/Twig/Environment.php(345): __TwigTemplate_1ea7e9c7802025e01e66ec98261c0caf18116915b4585b57be08c5b4ead3cf29->__construct(Object(Twig_Environment))
#6 /home/johan/Git/StudentTrade/StudentTrade/Composer/vendor/slim/views/Slim/Views/Twig.php(86): Twig_Environment->loadTemplate('front.tpl')
#7 /home/johan/Git/StudentTrade/StudentTrade/Composer/vendor/slim/slim/Slim/View.php(255): Slim\Views\Twig->render('front.tpl', NULL)
#8 /home/johan/Git/StudentTrade/StudentTrade/Composer/vendor/slim/slim/Slim/View.php(243): Slim\View->fetch('front.tpl', NULL)
#9 /home/johan/Git/StudentTrade/StudentTrade/Composer/vendor/slim/slim/Slim/Slim.php(751): Slim\View->display('front.tpl')
#10 /home/johan/Git/StudentTrade/Public/index.php(63): Slim\Slim->render('front.tpl', Array)
#11 [internal function]: {closure}('linkoping')
#12 /home/johan/Git/StudentTrade/StudentTrade/Composer/vendor/slim/slim/Slim/Route.php(441): call_user_func_array(Object(Closure), Array)
#13 /home/johan/Git/StudentTrade/StudentTrade/Composer/vendor/slim/slim/Slim/Slim.php(1314): Slim\Route->dispatch()
#14 /home/johan/Git/StudentTrade/StudentTrade/Composer/vendor/slim/slim/Slim/Middleware/Flash.php(85): Slim\Slim->call()
#15 /home/johan/Git/StudentTrade/StudentTrade/Composer/vendor/slim/slim/Slim/Middleware/MethodOverride.php(92): Slim\Middleware\Flash->call()
#16 /home/johan/Git/StudentTrade/StudentTrade/Composer/vendor/slim/slim/Slim/Middleware/PrettyExceptions.php(67): Slim\Middleware\MethodOverride->call()
#17 /home/johan/Git/StudentTrade/StudentTrade/Composer/vendor/slim/slim/Slim/Slim.php(1261): Slim\Middleware\PrettyExceptions->call()
#18 /home/johan/Git/StudentTrade/Public/index.php(71): Slim\Slim->run()
#19 {main}
ERROR - 2013-12-09T12:47:06+00:00 - exception 'Twig_Error_Syntax' with message 'Unknown tag name "foreach" in "layout.tpl" at line 64' in /home/johan/Git/StudentTrade/StudentTrade/Composer/vendor/twig/twig/lib/Twig/Parser.php:182
Stack trace:
#0 /home/johan/Git/StudentTrade/StudentTrade/Composer/vendor/twig/twig/lib/Twig/Parser.php(95): Twig_Parser->subparse(NULL, false)
#1 /home/johan/Git/StudentTrade/StudentTrade/Composer/vendor/twig/twig/lib/Twig/Environment.php(507): Twig_Parser->parse(Object(Twig_TokenStream))
#2 /home/johan/Git/StudentTrade/StudentTrade/Composer/vendor/twig/twig/lib/Twig/Environment.php(559): Twig_Environment->parse(Object(Twig_TokenStream))
#3 /home/johan/Git/StudentTrade/StudentTrade/Composer/vendor/twig/twig/lib/Twig/Environment.php(331): Twig_Environment->compileSource('<html>??<head>?...', 'layout.tpl')
#4 /home/johan/Git/StudentTrade/StudentTrade/Composer/vendor/twig/twig/lib/Twig/Environment.php(331) : eval()'d code(10): Twig_Environment->loadTemplate('layout.tpl')
#5 /home/johan/Git/StudentTrade/StudentTrade/Composer/vendor/twig/twig/lib/Twig/Environment.php(345): __TwigTemplate_1ea7e9c7802025e01e66ec98261c0caf18116915b4585b57be08c5b4ead3cf29->__construct(Object(Twig_Environment))
#6 /home/johan/Git/StudentTrade/StudentTrade/Composer/vendor/slim/views/Slim/Views/Twig.php(86): Twig_Environment->loadTemplate('front.tpl')
#7 /home/johan/Git/StudentTrade/StudentTrade/Composer/vendor/slim/slim/Slim/View.php(255): Slim\Views\Twig->render('front.tpl', NULL)
#8 /home/johan/Git/StudentTrade/StudentTrade/Composer/vendor/slim/slim/Slim/View.php(243): Slim\View->fetch('front.tpl', NULL)
#9 /home/johan/Git/StudentTrade/StudentTrade/Composer/vendor/slim/slim/Slim/Slim.php(751): Slim\View->display('front.tpl')
#10 /home/johan/Git/StudentTrade/Public/index.php(63): Slim\Slim->render('front.tpl', Array)
#11 [internal function]: {closure}('linkoping')
#12 /home/johan/Git/StudentTrade/StudentTrade/Composer/vendor/slim/slim/Slim/Route.php(441): call_user_func_array(Object(Closure), Array)
#13 /home/johan/Git/StudentTrade/StudentTrade/Composer/vendor/slim/slim/Slim/Slim.php(1314): Slim\Route->dispatch()
#14 /home/johan/Git/StudentTrade/StudentTrade/Composer/vendor/slim/slim/Slim/Middleware/Flash.php(85): Slim\Slim->call()
#15 /home/johan/Git/StudentTrade/StudentTrade/Composer/vendor/slim/slim/Slim/Middleware/MethodOverride.php(92): Slim\Middleware\Flash->call()
#16 /home/johan/Git/StudentTrade/StudentTrade/Composer/vendor/slim/slim/Slim/Middleware/PrettyExceptions.php(67): Slim\Middleware\MethodOverride->call()
#17 /home/johan/Git/StudentTrade/StudentTrade/Composer/vendor/slim/slim/Slim/Slim.php(1261): Slim\Middleware\PrettyExceptions->call()
#18 /home/johan/Git/StudentTrade/Public/index.php(71): Slim\Slim->run()
#19 {main}
ERROR - 2013-12-09T12:47:53+00:00 - exception 'Twig_Error_Syntax' with message 'Unknown tag name "foreach" in "layout.tpl" at line 64' in /home/johan/Git/StudentTrade/StudentTrade/Composer/vendor/twig/twig/lib/Twig/Parser.php:182
Stack trace:
#0 /home/johan/Git/StudentTrade/StudentTrade/Composer/vendor/twig/twig/lib/Twig/Parser.php(95): Twig_Parser->subparse(NULL, false)
#1 /home/johan/Git/StudentTrade/StudentTrade/Composer/vendor/twig/twig/lib/Twig/Environment.php(507): Twig_Parser->parse(Object(Twig_TokenStream))
#2 /home/johan/Git/StudentTrade/StudentTrade/Composer/vendor/twig/twig/lib/Twig/Environment.php(559): Twig_Environment->parse(Object(Twig_TokenStream))
#3 /home/johan/Git/StudentTrade/StudentTrade/Composer/vendor/twig/twig/lib/Twig/Environment.php(331): Twig_Environment->compileSource('<html>??<head>?...', 'layout.tpl')
#4 /home/johan/Git/StudentTrade/StudentTrade/Composer/vendor/twig/twig/lib/Twig/Environment.php(331) : eval()'d code(10): Twig_Environment->loadTemplate('layout.tpl')
#5 /home/johan/Git/StudentTrade/StudentTrade/Composer/vendor/twig/twig/lib/Twig/Environment.php(345): __TwigTemplate_1ea7e9c7802025e01e66ec98261c0caf18116915b4585b57be08c5b4ead3cf29->__construct(Object(Twig_Environment))
#6 /home/johan/Git/StudentTrade/StudentTrade/Composer/vendor/slim/views/Slim/Views/Twig.php(86): Twig_Environment->loadTemplate('front.tpl')
#7 /home/johan/Git/StudentTrade/StudentTrade/Composer/vendor/slim/slim/Slim/View.php(255): Slim\Views\Twig->render('front.tpl', NULL)
#8 /home/johan/Git/StudentTrade/StudentTrade/Composer/vendor/slim/slim/Slim/View.php(243): Slim\View->fetch('front.tpl', NULL)
#9 /home/johan/Git/StudentTrade/StudentTrade/Composer/vendor/slim/slim/Slim/Slim.php(751): Slim\View->display('front.tpl')
#10 /home/johan/Git/StudentTrade/Public/index.php(63): Slim\Slim->render('front.tpl', Array)
#11 [internal function]: {closure}('linkoping')
#12 /home/johan/Git/StudentTrade/StudentTrade/Composer/vendor/slim/slim/Slim/Route.php(441): call_user_func_array(Object(Closure), Array)
#13 /home/johan/Git/StudentTrade/StudentTrade/Composer/vendor/slim/slim/Slim/Slim.php(1314): Slim\Route->dispatch()
#14 /home/johan/Git/StudentTrade/StudentTrade/Composer/vendor/slim/slim/Slim/Middleware/Flash.php(85): Slim\Slim->call()
#15 /home/johan/Git/StudentTrade/StudentTrade/Composer/vendor/slim/slim/Slim/Middleware/MethodOverride.php(92): Slim\Middleware\Flash->call()
#16 /home/johan/Git/StudentTrade/StudentTrade/Composer/vendor/slim/slim/Slim/Middleware/PrettyExceptions.php(67): Slim\Middleware\MethodOverride->call()
#17 /home/johan/Git/StudentTrade/StudentTrade/Composer/vendor/slim/slim/Slim/Slim.php(1261): Slim\Middleware\PrettyExceptions->call()
#18 /home/johan/Git/StudentTrade/Public/index.php(71): Slim\Slim->run()
#19 {main}
ERROR - 2013-12-09T13:00:50+00:00 - exception 'ErrorException' with message 'Undefined variable: universities' in /home/johan/Git/StudentTrade/Public/index.php:63
Stack trace:
#0 /home/johan/Git/StudentTrade/Public/index.php(63): Slim\Slim::handleErrors(8, 'Undefined varia...', '/home/johan/Git...', 63, Array)
#1 [internal function]: {closure}('linkoping')
#2 /home/johan/Git/StudentTrade/StudentTrade/Composer/vendor/slim/slim/Slim/Route.php(441): call_user_func_array(Object(Closure), Array)
#3 /home/johan/Git/StudentTrade/StudentTrade/Composer/vendor/slim/slim/Slim/Slim.php(1314): Slim\Route->dispatch()
#4 /home/johan/Git/StudentTrade/StudentTrade/Composer/vendor/slim/slim/Slim/Middleware/Flash.php(85): Slim\Slim->call()
#5 /home/johan/Git/StudentTrade/StudentTrade/Composer/vendor/slim/slim/Slim/Middleware/MethodOverride.php(92): Slim\Middleware\Flash->call()
#6 /home/johan/Git/StudentTrade/StudentTrade/Composer/vendor/slim/slim/Slim/Middleware/PrettyExceptions.php(67): Slim\Middleware\MethodOverride->call()
#7 /home/johan/Git/StudentTrade/StudentTrade/Composer/vendor/slim/slim/Slim/Slim.php(1261): Slim\Middleware\PrettyExceptions->call()
#8 /home/johan/Git/StudentTrade/Public/index.php(75): Slim\Slim->run()
#9 {main}
ERROR - 2013-12-09T13:00:51+00:00 - exception 'ErrorException' with message 'Undefined variable: universities' in /home/johan/Git/StudentTrade/Public/index.php:63
Stack trace:
#0 /home/johan/Git/StudentTrade/Public/index.php(63): Slim\Slim::handleErrors(8, 'Undefined varia...', '/home/johan/Git...', 63, Array)
#1 [internal function]: {closure}('linkoping')
#2 /home/johan/Git/StudentTrade/StudentTrade/Composer/vendor/slim/slim/Slim/Route.php(441): call_user_func_array(Object(Closure), Array)
#3 /home/johan/Git/StudentTrade/StudentTrade/Composer/vendor/slim/slim/Slim/Slim.php(1314): Slim\Route->dispatch()
#4 /home/johan/Git/StudentTrade/StudentTrade/Composer/vendor/slim/slim/Slim/Middleware/Flash.php(85): Slim\Slim->call()
#5 /home/johan/Git/StudentTrade/StudentTrade/Composer/vendor/slim/slim/Slim/Middleware/MethodOverride.php(92): Slim\Middleware\Flash->call()
#6 /home/johan/Git/StudentTrade/StudentTrade/Composer/vendor/slim/slim/Slim/Middleware/PrettyExceptions.php(67): Slim\Middleware\MethodOverride->call()
#7 /home/johan/Git/StudentTrade/StudentTrade/Composer/vendor/slim/slim/Slim/Slim.php(1261): Slim\Middleware\PrettyExceptions->call()
#8 /home/johan/Git/StudentTrade/Public/index.php(75): Slim\Slim->run()
#9 {main}
ERROR - 2013-12-09T13:00:52+00:00 - exception 'ErrorException' with message 'Undefined variable: universities' in /home/johan/Git/StudentTrade/Public/index.php:63
Stack trace:
#0 /home/johan/Git/StudentTrade/Public/index.php(63): Slim\Slim::handleErrors(8, 'Undefined varia...', '/home/johan/Git...', 63, Array)
#1 [internal function]: {closure}('linkoping')
#2 /home/johan/Git/StudentTrade/StudentTrade/Composer/vendor/slim/slim/Slim/Route.php(441): call_user_func_array(Object(Closure), Array)
#3 /home/johan/Git/StudentTrade/StudentTrade/Composer/vendor/slim/slim/Slim/Slim.php(1314): Slim\Route->dispatch()
#4 /home/johan/Git/StudentTrade/StudentTrade/Composer/vendor/slim/slim/Slim/Middleware/Flash.php(85): Slim\Slim->call()
#5 /home/johan/Git/StudentTrade/StudentTrade/Composer/vendor/slim/slim/Slim/Middleware/MethodOverride.php(92): Slim\Middleware\Flash->call()
#6 /home/johan/Git/StudentTrade/StudentTrade/Composer/vendor/slim/slim/Slim/Middleware/PrettyExceptions.php(67): Slim\Middleware\MethodOverride->call()
#7 /home/johan/Git/StudentTrade/StudentTrade/Composer/vendor/slim/slim/Slim/Slim.php(1261): Slim\Middleware\PrettyExceptions->call()
#8 /home/johan/Git/StudentTrade/Public/index.php(75): Slim\Slim->run()
#9 {main}
ERROR - 2013-12-09T13:03:07+00:00 - exception 'ErrorException' with message 'Undefined variable: dbh' in /home/johan/Git/StudentTrade/StudentTrade/Class/Views.php:14
Stack trace:
#0 /home/johan/Git/StudentTrade/StudentTrade/Class/Views.php(14): Slim\Slim::handleErrors(8, 'Undefined varia...', '/home/johan/Git...', 14, Array)
#1 /home/johan/Git/StudentTrade/Public/index.php(62): Views->header(Array)
#2 [internal function]: {closure}('linkoping')
#3 /home/johan/Git/StudentTrade/StudentTrade/Composer/vendor/slim/slim/Slim/Route.php(441): call_user_func_array(Object(Closure), Array)
#4 /home/johan/Git/StudentTrade/StudentTrade/Composer/vendor/slim/slim/Slim/Slim.php(1314): Slim\Route->dispatch()
#5 /home/johan/Git/StudentTrade/StudentTrade/Composer/vendor/slim/slim/Slim/Middleware/Flash.php(85): Slim\Slim->call()
#6 /home/johan/Git/StudentTrade/StudentTrade/Composer/vendor/slim/slim/Slim/Middleware/MethodOverride.php(92): Slim\Middleware\Flash->call()
#7 /home/johan/Git/StudentTrade/StudentTrade/Composer/vendor/slim/slim/Slim/Middleware/PrettyExceptions.php(67): Slim\Middleware\MethodOverride->call()
#8 /home/johan/Git/StudentTrade/StudentTrade/Composer/vendor/slim/slim/Slim/Slim.php(1261): Slim\Middleware\PrettyExceptions->call()
#9 /home/johan/Git/StudentTrade/Public/index.php(71): Slim\Slim->run()
#10 {main}
ERROR - 2013-12-09T13:07:16+00:00 - exception 'ErrorException' with message 'Undefined variable: dbh' in /home/johan/Git/StudentTrade/Public/index.php:50
Stack trace:
#0 /home/johan/Git/StudentTrade/Public/index.php(50): Slim\Slim::handleErrors(8, 'Undefined varia...', '/home/johan/Git...', 50, Array)
#1 [internal function]: {closure}('linkoping')
#2 /home/johan/Git/StudentTrade/StudentTrade/Composer/vendor/slim/slim/Slim/Route.php(441): call_user_func_array(Object(Closure), Array)
#3 /home/johan/Git/StudentTrade/StudentTrade/Composer/vendor/slim/slim/Slim/Slim.php(1314): Slim\Route->dispatch()
#4 /home/johan/Git/StudentTrade/StudentTrade/Composer/vendor/slim/slim/Slim/Middleware/Flash.php(85): Slim\Slim->call()
#5 /home/johan/Git/StudentTrade/StudentTrade/Composer/vendor/slim/slim/Slim/Middleware/MethodOverride.php(92): Slim\Middleware\Flash->call()
#6 /home/johan/Git/StudentTrade/StudentTrade/Composer/vendor/slim/slim/Slim/Middleware/PrettyExceptions.php(67): Slim\Middleware\MethodOverride->call()
#7 /home/johan/Git/StudentTrade/StudentTrade/Composer/vendor/slim/slim/Slim/Slim.php(1261): Slim\Middleware\PrettyExceptions->call()
#8 /home/johan/Git/StudentTrade/Public/index.php(61): Slim\Slim->run()
#9 {main}
ERROR - 2013-12-09T13:09:27+00:00 - exception 'ErrorException' with message 'Illegal string offset 'id'' in /home/johan/Git/StudentTrade/StudentTrade/Class/Views.php:22
Stack trace:
#0 /home/johan/Git/StudentTrade/StudentTrade/Class/Views.php(22): Slim\Slim::handleErrors(2, 'Illegal string ...', '/home/johan/Git...', 22, Array)
#1 /home/johan/Git/StudentTrade/Public/index.php(54): Views->header()
#2 [internal function]: {closure}('linkoping')
#3 /home/johan/Git/StudentTrade/StudentTrade/Composer/vendor/slim/slim/Slim/Route.php(441): call_user_func_array(Object(Closure), Array)
#4 /home/johan/Git/StudentTrade/StudentTrade/Composer/vendor/slim/slim/Slim/Slim.php(1314): Slim\Route->dispatch()
#5 /home/johan/Git/StudentTrade/StudentTrade/Composer/vendor/slim/slim/Slim/Middleware/Flash.php(85): Slim\Slim->call()
#6 /home/johan/Git/StudentTrade/StudentTrade/Composer/vendor/slim/slim/Slim/Middleware/MethodOverride.php(92): Slim\Middleware\Flash->call()
#7 /home/johan/Git/StudentTrade/StudentTrade/Composer/vendor/slim/slim/Slim/Middleware/PrettyExceptions.php(67): Slim\Middleware\MethodOverride->call()
#8 /home/johan/Git/StudentTrade/StudentTrade/Composer/vendor/slim/slim/Slim/Slim.php(1261): Slim\Middleware\PrettyExceptions->call()
#9 /home/johan/Git/StudentTrade/Public/index.php(63): Slim\Slim->run()
#10 {main}
ERROR - 2013-12-09T13:09:56+00:00 - exception 'ErrorException' with message 'Illegal string offset 'id'' in /home/johan/Git/StudentTrade/StudentTrade/Class/Views.php:21
Stack trace:
#0 /home/johan/Git/StudentTrade/StudentTrade/Class/Views.php(21): Slim\Slim::handleErrors(2, 'Illegal string ...', '/home/johan/Git...', 21, Array)
#1 /home/johan/Git/StudentTrade/Public/index.php(54): Views->header()
#2 [internal function]: {closure}('linkoping')
#3 /home/johan/Git/StudentTrade/StudentTrade/Composer/vendor/slim/slim/Slim/Route.php(441): call_user_func_array(Object(Closure), Array)
#4 /home/johan/Git/StudentTrade/StudentTrade/Composer/vendor/slim/slim/Slim/Slim.php(1314): Slim\Route->dispatch()
#5 /home/johan/Git/StudentTrade/StudentTrade/Composer/vendor/slim/slim/Slim/Middleware/Flash.php(85): Slim\Slim->call()
#6 /home/johan/Git/StudentTrade/StudentTrade/Composer/vendor/slim/slim/Slim/Middleware/MethodOverride.php(92): Slim\Middleware\Flash->call()
#7 /home/johan/Git/StudentTrade/StudentTrade/Composer/vendor/slim/slim/Slim/Middleware/PrettyExceptions.php(67): Slim\Middleware\MethodOverride->call()
#8 /home/johan/Git/StudentTrade/StudentTrade/Composer/vendor/slim/slim/Slim/Slim.php(1261): Slim\Middleware\PrettyExceptions->call()
#9 /home/johan/Git/StudentTrade/Public/index.php(63): Slim\Slim->run()
#10 {main}
ERROR - 2013-12-09T13:11:24+00:00 - exception 'ErrorException' with message 'Illegal string offset 'id'' in /home/johan/Git/StudentTrade/StudentTrade/Class/Views.php:25
Stack trace:
#0 /home/johan/Git/StudentTrade/StudentTrade/Class/Views.php(25): Slim\Slim::handleErrors(2, 'Illegal string ...', '/home/johan/Git...', 25, Array)
#1 /home/johan/Git/StudentTrade/Public/index.php(54): Views->header()
#2 [internal function]: {closure}('linkoping')
#3 /home/johan/Git/StudentTrade/StudentTrade/Composer/vendor/slim/slim/Slim/Route.php(441): call_user_func_array(Object(Closure), Array)
#4 /home/johan/Git/StudentTrade/StudentTrade/Composer/vendor/slim/slim/Slim/Slim.php(1314): Slim\Route->dispatch()
#5 /home/johan/Git/StudentTrade/StudentTrade/Composer/vendor/slim/slim/Slim/Middleware/Flash.php(85): Slim\Slim->call()
#6 /home/johan/Git/StudentTrade/StudentTrade/Composer/vendor/slim/slim/Slim/Middleware/MethodOverride.php(92): Slim\Middleware\Flash->call()
#7 /home/johan/Git/StudentTrade/StudentTrade/Composer/vendor/slim/slim/Slim/Middleware/PrettyExceptions.php(67): Slim\Middleware\MethodOverride->call()
#8 /home/johan/Git/StudentTrade/StudentTrade/Composer/vendor/slim/slim/Slim/Slim.php(1261): Slim\Middleware\PrettyExceptions->call()
#9 /home/johan/Git/StudentTrade/Public/index.php(63): Slim\Slim->run()
#10 {main}
ERROR - 2013-12-09T13:11:43+00:00 - exception 'ErrorException' with message 'Illegal string offset 'id'' in /home/johan/Git/StudentTrade/StudentTrade/Class/Views.php:26
Stack trace:
#0 /home/johan/Git/StudentTrade/StudentTrade/Class/Views.php(26): Slim\Slim::handleErrors(2, 'Illegal string ...', '/home/johan/Git...', 26, Array)
#1 /home/johan/Git/StudentTrade/Public/index.php(54): Views->header()
#2 [internal function]: {closure}('linkoping')
#3 /home/johan/Git/StudentTrade/StudentTrade/Composer/vendor/slim/slim/Slim/Route.php(441): call_user_func_array(Object(Closure), Array)
#4 /home/johan/Git/StudentTrade/StudentTrade/Composer/vendor/slim/slim/Slim/Slim.php(1314): Slim\Route->dispatch()
#5 /home/johan/Git/StudentTrade/StudentTrade/Composer/vendor/slim/slim/Slim/Middleware/Flash.php(85): Slim\Slim->call()
#6 /home/johan/Git/StudentTrade/StudentTrade/Composer/vendor/slim/slim/Slim/Middleware/MethodOverride.php(92): Slim\Middleware\Flash->call()
#7 /home/johan/Git/StudentTrade/StudentTrade/Composer/vendor/slim/slim/Slim/Middleware/PrettyExceptions.php(67): Slim\Middleware\MethodOverride->call()
#8 /home/johan/Git/StudentTrade/StudentTrade/Composer/vendor/slim/slim/Slim/Slim.php(1261): Slim\Middleware\PrettyExceptions->call()
#9 /home/johan/Git/StudentTrade/Public/index.php(63): Slim\Slim->run()
#10 {main}
ERROR - 2013-12-09T13:13:41+00:00 - exception 'ErrorException' with message 'Undefined property: Views::$city' in /home/johan/Git/StudentTrade/StudentTrade/Class/Views.php:25
Stack trace:
#0 /home/johan/Git/StudentTrade/StudentTrade/Class/Views.php(25): Slim\Slim::handleErrors(8, 'Undefined prope...', '/home/johan/Git...', 25, Array)
#1 /home/johan/Git/StudentTrade/Public/index.php(54): Views->header()
#2 [internal function]: {closure}('linkoping')
#3 /home/johan/Git/StudentTrade/StudentTrade/Composer/vendor/slim/slim/Slim/Route.php(441): call_user_func_array(Object(Closure), Array)
#4 /home/johan/Git/StudentTrade/StudentTrade/Composer/vendor/slim/slim/Slim/Slim.php(1314): Slim\Route->dispatch()
#5 /home/johan/Git/StudentTrade/StudentTrade/Composer/vendor/slim/slim/Slim/Middleware/Flash.php(85): Slim\Slim->call()
#6 /home/johan/Git/StudentTrade/StudentTrade/Composer/vendor/slim/slim/Slim/Middleware/MethodOverride.php(92): Slim\Middleware\Flash->call()
#7 /home/johan/Git/StudentTrade/StudentTrade/Composer/vendor/slim/slim/Slim/Middleware/PrettyExceptions.php(67): Slim\Middleware\MethodOverride->call()
#8 /home/johan/Git/StudentTrade/StudentTrade/Composer/vendor/slim/slim/Slim/Slim.php(1261): Slim\Middleware\PrettyExceptions->call()
#9 /home/johan/Git/StudentTrade/Public/index.php(63): Slim\Slim->run()
#10 {main}
ERROR - 2013-12-09T13:14:58+00:00 - exception 'ErrorException' with message 'Undefined variable: dbh' in /home/johan/Git/StudentTrade/StudentTrade/Class/Views.php:29
Stack trace:
#0 /home/johan/Git/StudentTrade/StudentTrade/Class/Views.php(29): Slim\Slim::handleErrors(8, 'Undefined varia...', '/home/johan/Git...', 29, Array)
#1 /home/johan/Git/StudentTrade/Public/index.php(53): Views->header()
#2 [internal function]: {closure}('linkoping')
#3 /home/johan/Git/StudentTrade/StudentTrade/Composer/vendor/slim/slim/Slim/Route.php(441): call_user_func_array(Object(Closure), Array)
#4 /home/johan/Git/StudentTrade/StudentTrade/Composer/vendor/slim/slim/Slim/Slim.php(1314): Slim\Route->dispatch()
#5 /home/johan/Git/StudentTrade/StudentTrade/Composer/vendor/slim/slim/Slim/Middleware/Flash.php(85): Slim\Slim->call()
#6 /home/johan/Git/StudentTrade/StudentTrade/Composer/vendor/slim/slim/Slim/Middleware/MethodOverride.php(92): Slim\Middleware\Flash->call()
#7 /home/johan/Git/StudentTrade/StudentTrade/Composer/vendor/slim/slim/Slim/Middleware/PrettyExceptions.php(67): Slim\Middleware\MethodOverride->call()
#8 /home/johan/Git/StudentTrade/StudentTrade/Composer/vendor/slim/slim/Slim/Slim.php(1261): Slim\Middleware\PrettyExceptions->call()
#9 /home/johan/Git/StudentTrade/Public/index.php(62): Slim\Slim->run()
#10 {main}
ERROR - 2013-12-09T13:14:59+00:00 - exception 'ErrorException' with message 'Undefined variable: dbh' in /home/johan/Git/StudentTrade/StudentTrade/Class/Views.php:29
Stack trace:
#0 /home/johan/Git/StudentTrade/StudentTrade/Class/Views.php(29): Slim\Slim::handleErrors(8, 'Undefined varia...', '/home/johan/Git...', 29, Array)
#1 /home/johan/Git/StudentTrade/Public/index.php(53): Views->header()
#2 [internal function]: {closure}('linkoping')
#3 /home/johan/Git/StudentTrade/StudentTrade/Composer/vendor/slim/slim/Slim/Route.php(441): call_user_func_array(Object(Closure), Array)
#4 /home/johan/Git/StudentTrade/StudentTrade/Composer/vendor/slim/slim/Slim/Slim.php(1314): Slim\Route->dispatch()
#5 /home/johan/Git/StudentTrade/StudentTrade/Composer/vendor/slim/slim/Slim/Middleware/Flash.php(85): Slim\Slim->call()
#6 /home/johan/Git/StudentTrade/StudentTrade/Composer/vendor/slim/slim/Slim/Middleware/MethodOverride.php(92): Slim\Middleware\Flash->call()
#7 /home/johan/Git/StudentTrade/StudentTrade/Composer/vendor/slim/slim/Slim/Middleware/PrettyExceptions.php(67): Slim\Middleware\MethodOverride->call()
#8 /home/johan/Git/StudentTrade/StudentTrade/Composer/vendor/slim/slim/Slim/Slim.php(1261): Slim\Middleware\PrettyExceptions->call()
#9 /home/johan/Git/StudentTrade/Public/index.php(62): Slim\Slim->run()
#10 {main}
ERROR - 2013-12-09T13:15:07+00:00 - exception 'ErrorException' with message 'Undefined variable: uni' in /home/johan/Git/StudentTrade/StudentTrade/Class/Views.php:29
Stack trace:
#0 /home/johan/Git/StudentTrade/StudentTrade/Class/Views.php(29): Slim\Slim::handleErrors(8, 'Undefined varia...', '/home/johan/Git...', 29, Array)
#1 /home/johan/Git/StudentTrade/Public/index.php(53): Views->header()
#2 [internal function]: {closure}('linkoping')
#3 /home/johan/Git/StudentTrade/StudentTrade/Composer/vendor/slim/slim/Slim/Route.php(441): call_user_func_array(Object(Closure), Array)
#4 /home/johan/Git/StudentTrade/StudentTrade/Composer/vendor/slim/slim/Slim/Slim.php(1314): Slim\Route->dispatch()
#5 /home/johan/Git/StudentTrade/StudentTrade/Composer/vendor/slim/slim/Slim/Middleware/Flash.php(85): Slim\Slim->call()
#6 /home/johan/Git/StudentTrade/StudentTrade/Composer/vendor/slim/slim/Slim/Middleware/MethodOverride.php(92): Slim\Middleware\Flash->call()
#7 /home/johan/Git/StudentTrade/StudentTrade/Composer/vendor/slim/slim/Slim/Middleware/PrettyExceptions.php(67): Slim\Middleware\MethodOverride->call()
#8 /home/johan/Git/StudentTrade/StudentTrade/Composer/vendor/slim/slim/Slim/Slim.php(1261): Slim\Middleware\PrettyExceptions->call()
#9 /home/johan/Git/StudentTrade/Public/index.php(62): Slim\Slim->run()
#10 {main}
ERROR - 2013-12-09T13:25:25+00:00 - exception 'ErrorException' with message 'array_push() expects parameter 1 to be array, null given' in /home/johan/Git/StudentTrade/StudentTrade/Class/Views.php:29
Stack trace:
#0 [internal function]: Slim\Slim::handleErrors(2, 'array_push() ex...', '/home/johan/Git...', 29, Array)
#1 /home/johan/Git/StudentTrade/StudentTrade/Class/Views.php(29): array_push(NULL, Array)
#2 /home/johan/Git/StudentTrade/Public/index.php(54): Views->setUniversities(Array)
#3 [internal function]: {closure}('linkoping')
#4 /home/johan/Git/StudentTrade/StudentTrade/Composer/vendor/slim/slim/Slim/Route.php(441): call_user_func_array(Object(Closure), Array)
#5 /home/johan/Git/StudentTrade/StudentTrade/Composer/vendor/slim/slim/Slim/Slim.php(1314): Slim\Route->dispatch()
#6 /home/johan/Git/StudentTrade/StudentTrade/Composer/vendor/slim/slim/Slim/Middleware/Flash.php(85): Slim\Slim->call()
#7 /home/johan/Git/StudentTrade/StudentTrade/Composer/vendor/slim/slim/Slim/Middleware/MethodOverride.php(92): Slim\Middleware\Flash->call()
#8 /home/johan/Git/StudentTrade/StudentTrade/Composer/vendor/slim/slim/Slim/Middleware/PrettyExceptions.php(67): Slim\Middleware\MethodOverride->call()
#9 /home/johan/Git/StudentTrade/StudentTrade/Composer/vendor/slim/slim/Slim/Slim.php(1261): Slim\Middleware\PrettyExceptions->call()
#10 /home/johan/Git/StudentTrade/Public/index.php(65): Slim\Slim->run()
#11 {main}
ERROR - 2013-12-09T13:27:24+00:00 - exception 'ErrorException' with message 'Undefined variable: city' in /home/johan/Git/StudentTrade/StudentTrade/Class/Views.php:42
Stack trace:
#0 /home/johan/Git/StudentTrade/StudentTrade/Class/Views.php(42): Slim\Slim::handleErrors(8, 'Undefined varia...', '/home/johan/Git...', 42, Array)
#1 /home/johan/Git/StudentTrade/Public/index.php(54): Views->header(Array)
#2 [internal function]: {closure}('linkoping')
#3 /home/johan/Git/StudentTrade/StudentTrade/Composer/vendor/slim/slim/Slim/Route.php(441): call_user_func_array(Object(Closure), Array)
#4 /home/johan/Git/StudentTrade/StudentTrade/Composer/vendor/slim/slim/Slim/Slim.php(1314): Slim\Route->dispatch()
#5 /home/johan/Git/StudentTrade/StudentTrade/Composer/vendor/slim/slim/Slim/Middleware/Flash.php(85): Slim\Slim->call()
#6 /home/johan/Git/StudentTrade/StudentTrade/Composer/vendor/slim/slim/Slim/Middleware/MethodOverride.php(92): Slim\Middleware\Flash->call()
#7 /home/johan/Git/StudentTrade/StudentTrade/Composer/vendor/slim/slim/Slim/Middleware/PrettyExceptions.php(67): Slim\Middleware\MethodOverride->call()
#8 /home/johan/Git/StudentTrade/StudentTrade/Composer/vendor/slim/slim/Slim/Slim.php(1261): Slim\Middleware\PrettyExceptions->call()
#9 /home/johan/Git/StudentTrade/Public/index.php(63): Slim\Slim->run()
#10 {main}
ERROR - 2013-12-09T13:29:35+00:00 - exception 'ErrorException' with message 'Undefined variable: header' in /home/johan/Git/StudentTrade/Public/index.php:55
Stack trace:
#0 /home/johan/Git/StudentTrade/Public/index.php(55): Slim\Slim::handleErrors(8, 'Undefined varia...', '/home/johan/Git...', 55, Array)
#1 [internal function]: {closure}('linkoping')
#2 /home/johan/Git/StudentTrade/StudentTrade/Composer/vendor/slim/slim/Slim/Route.php(441): call_user_func_array(Object(Closure), Array)
#3 /home/johan/Git/StudentTrade/StudentTrade/Composer/vendor/slim/slim/Slim/Slim.php(1314): Slim\Route->dispatch()
#4 /home/johan/Git/StudentTrade/StudentTrade/Composer/vendor/slim/slim/Slim/Middleware/Flash.php(85): Slim\Slim->call()
#5 /home/johan/Git/StudentTrade/StudentTrade/Composer/vendor/slim/slim/Slim/Middleware/MethodOverride.php(92): Slim\Middleware\Flash->call()
#6 /home/johan/Git/StudentTrade/StudentTrade/Composer/vendor/slim/slim/Slim/Middleware/PrettyExceptions.php(67): Slim\Middleware\MethodOverride->call()
#7 /home/johan/Git/StudentTrade/StudentTrade/Composer/vendor/slim/slim/Slim/Slim.php(1261): Slim\Middleware\PrettyExceptions->call()
#8 /home/johan/Git/StudentTrade/Public/index.php(62): Slim\Slim->run()
#9 {main}
ERROR - 2013-12-09T13:44:23+00:00 - exception 'ErrorException' with message 'Missing argument 2 for {closure}()' in /home/johan/Git/StudentTrade/Public/index.php:49
Stack trace:
#0 /home/johan/Git/StudentTrade/Public/index.php(49): Slim\Slim::handleErrors(2, 'Missing argumen...', '/home/johan/Git...', 49, Array)
#1 [internal function]: {closure}('linkoping')
#2 /home/johan/Git/StudentTrade/StudentTrade/Composer/vendor/slim/slim/Slim/Route.php(441): call_user_func_array(Object(Closure), Array)
#3 /home/johan/Git/StudentTrade/StudentTrade/Composer/vendor/slim/slim/Slim/Slim.php(1314): Slim\Route->dispatch()
#4 /home/johan/Git/StudentTrade/StudentTrade/Composer/vendor/slim/slim/Slim/Middleware/Flash.php(85): Slim\Slim->call()
#5 /home/johan/Git/StudentTrade/StudentTrade/Composer/vendor/slim/slim/Slim/Middleware/MethodOverride.php(92): Slim\Middleware\Flash->call()
#6 /home/johan/Git/StudentTrade/StudentTrade/Composer/vendor/slim/slim/Slim/Middleware/PrettyExceptions.php(67): Slim\Middleware\MethodOverride->call()
#7 /home/johan/Git/StudentTrade/StudentTrade/Composer/vendor/slim/slim/Slim/Slim.php(1261): Slim\Middleware\PrettyExceptions->call()
#8 /home/johan/Git/StudentTrade/Public/index.php(67): Slim\Slim->run()
#9 {main}
ERROR - 2013-12-09T13:48:17+00:00 - exception 'ErrorException' with message 'Undefined variable: cities' in /home/johan/Git/StudentTrade/StudentTrade/Class/Views.php:50
Stack trace:
#0 /home/johan/Git/StudentTrade/StudentTrade/Class/Views.php(50): Slim\Slim::handleErrors(8, 'Undefined varia...', '/home/johan/Git...', 50, Array)
#1 /home/johan/Git/StudentTrade/Public/index.php(44): Views->index()
#2 [internal function]: {closure}()
#3 /home/johan/Git/StudentTrade/StudentTrade/Composer/vendor/slim/slim/Slim/Route.php(441): call_user_func_array(Object(Closure), Array)
#4 /home/johan/Git/StudentTrade/StudentTrade/Composer/vendor/slim/slim/Slim/Slim.php(1314): Slim\Route->dispatch()
#5 /home/johan/Git/StudentTrade/StudentTrade/Composer/vendor/slim/slim/Slim/Middleware/Flash.php(85): Slim\Slim->call()
#6 /home/johan/Git/StudentTrade/StudentTrade/Composer/vendor/slim/slim/Slim/Middleware/MethodOverride.php(92): Slim\Middleware\Flash->call()
#7 /home/johan/Git/StudentTrade/StudentTrade/Composer/vendor/slim/slim/Slim/Middleware/PrettyExceptions.php(67): Slim\Middleware\MethodOverride->call()
#8 /home/johan/Git/StudentTrade/StudentTrade/Composer/vendor/slim/slim/Slim/Slim.php(1261): Slim\Middleware\PrettyExceptions->call()
#9 /home/johan/Git/StudentTrade/Public/index.php(65): Slim\Slim->run()
#10 {main}
ERROR - 2013-12-09T13:48:18+00:00 - exception 'ErrorException' with message 'Undefined variable: cities' in /home/johan/Git/StudentTrade/StudentTrade/Class/Views.php:50
Stack trace:
#0 /home/johan/Git/StudentTrade/StudentTrade/Class/Views.php(50): Slim\Slim::handleErrors(8, 'Undefined varia...', '/home/johan/Git...', 50, Array)
#1 /home/johan/Git/StudentTrade/Public/index.php(44): Views->index()
#2 [internal function]: {closure}()
#3 /home/johan/Git/StudentTrade/StudentTrade/Composer/vendor/slim/slim/Slim/Route.php(441): call_user_func_array(Object(Closure), Array)
#4 /home/johan/Git/StudentTrade/StudentTrade/Composer/vendor/slim/slim/Slim/Slim.php(1314): Slim\Route->dispatch()
#5 /home/johan/Git/StudentTrade/StudentTrade/Composer/vendor/slim/slim/Slim/Middleware/Flash.php(85): Slim\Slim->call()
#6 /home/johan/Git/StudentTrade/StudentTrade/Composer/vendor/slim/slim/Slim/Middleware/MethodOverride.php(92): Slim\Middleware\Flash->call()
#7 /home/johan/Git/StudentTrade/StudentTrade/Composer/vendor/slim/slim/Slim/Middleware/PrettyExceptions.php(67): Slim\Middleware\MethodOverride->call()
#8 /home/johan/Git/StudentTrade/StudentTrade/Composer/vendor/slim/slim/Slim/Slim.php(1261): Slim\Middleware\PrettyExceptions->call()
#9 /home/johan/Git/StudentTrade/Public/index.php(65): Slim\Slim->run()
#10 {main}
ERROR - 2013-12-09T16:21:48+00:00 - exception 'ErrorException' with message 'Undefined property: Index::$allCities' in /home/johan/Git/StudentTrade/StudentTrade/Logic/Index.php:8
Stack trace:
#0 /home/johan/Git/StudentTrade/StudentTrade/Logic/Index.php(8): Slim\Slim::handleErrors(8, 'Undefined prope...', '/home/johan/Git...', 8, Array)
#1 /home/johan/Git/StudentTrade/Public/index.php(45): Index->__construct()
#2 [internal function]: {closure}()
#3 /home/johan/Git/StudentTrade/StudentTrade/Composer/vendor/slim/slim/Slim/Route.php(441): call_user_func_array(Object(Closure), Array)
#4 /home/johan/Git/StudentTrade/StudentTrade/Composer/vendor/slim/slim/Slim/Slim.php(1314): Slim\Route->dispatch()
#5 /home/johan/Git/StudentTrade/StudentTrade/Composer/vendor/slim/slim/Slim/Middleware/Flash.php(85): Slim\Slim->call()
#6 /home/johan/Git/StudentTrade/StudentTrade/Composer/vendor/slim/slim/Slim/Middleware/MethodOverride.php(92): Slim\Middleware\Flash->call()
#7 /home/johan/Git/StudentTrade/StudentTrade/Composer/vendor/slim/slim/Slim/Middleware/PrettyExceptions.php(67): Slim\Middleware\MethodOverride->call()
#8 /home/johan/Git/StudentTrade/StudentTrade/Composer/vendor/slim/slim/Slim/Slim.php(1261): Slim\Middleware\PrettyExceptions->call()
#9 /home/johan/Git/StudentTrade/Public/index.php(68): Slim\Slim->run()
#10 {main}
ERROR - 2013-12-09T16:21:48+00:00 - exception 'ErrorException' with message 'Undefined property: Index::$allCities' in /home/johan/Git/StudentTrade/StudentTrade/Logic/Index.php:8
Stack trace:
#0 /home/johan/Git/StudentTrade/StudentTrade/Logic/Index.php(8): Slim\Slim::handleErrors(8, 'Undefined prope...', '/home/johan/Git...', 8, Array)
#1 /home/johan/Git/StudentTrade/Public/index.php(45): Index->__construct()
#2 [internal function]: {closure}()
#3 /home/johan/Git/StudentTrade/StudentTrade/Composer/vendor/slim/slim/Slim/Route.php(441): call_user_func_array(Object(Closure), Array)
#4 /home/johan/Git/StudentTrade/StudentTrade/Composer/vendor/slim/slim/Slim/Slim.php(1314): Slim\Route->dispatch()
#5 /home/johan/Git/StudentTrade/StudentTrade/Composer/vendor/slim/slim/Slim/Middleware/Flash.php(85): Slim\Slim->call()
#6 /home/johan/Git/StudentTrade/StudentTrade/Composer/vendor/slim/slim/Slim/Middleware/MethodOverride.php(92): Slim\Middleware\Flash->call()
#7 /home/johan/Git/StudentTrade/StudentTrade/Composer/vendor/slim/slim/Slim/Middleware/PrettyExceptions.php(67): Slim\Middleware\MethodOverride->call()
#8 /home/johan/Git/StudentTrade/StudentTrade/Composer/vendor/slim/slim/Slim/Slim.php(1261): Slim\Middleware\PrettyExceptions->call()
#9 /home/johan/Git/StudentTrade/Public/index.php(68): Slim\Slim->run()
#10 {main}
ERROR - 2013-12-09T16:22:31+00:00 - exception 'ErrorException' with message 'array_push() expects parameter 1 to be array, null given' in /home/johan/Git/StudentTrade/StudentTrade/Logic/Index.php:15
Stack trace:
#0 [internal function]: Slim\Slim::handleErrors(2, 'array_push() ex...', '/home/johan/Git...', 15, Array)
#1 /home/johan/Git/StudentTrade/StudentTrade/Logic/Index.php(15): array_push(NULL, Array)
#2 /home/johan/Git/StudentTrade/Public/index.php(45): Index->__construct()
#3 [internal function]: {closure}()
#4 /home/johan/Git/StudentTrade/StudentTrade/Composer/vendor/slim/slim/Slim/Route.php(441): call_user_func_array(Object(Closure), Array)
#5 /home/johan/Git/StudentTrade/StudentTrade/Composer/vendor/slim/slim/Slim/Slim.php(1314): Slim\Route->dispatch()
#6 /home/johan/Git/StudentTrade/StudentTrade/Composer/vendor/slim/slim/Slim/Middleware/Flash.php(85): Slim\Slim->call()
#7 /home/johan/Git/StudentTrade/StudentTrade/Composer/vendor/slim/slim/Slim/Middleware/MethodOverride.php(92): Slim\Middleware\Flash->call()
#8 /home/johan/Git/StudentTrade/StudentTrade/Composer/vendor/slim/slim/Slim/Middleware/PrettyExceptions.php(67): Slim\Middleware\MethodOverride->call()
#9 /home/johan/Git/StudentTrade/StudentTrade/Composer/vendor/slim/slim/Slim/Slim.php(1261): Slim\Middleware\PrettyExceptions->call()
#10 /home/johan/Git/StudentTrade/Public/index.php(68): Slim\Slim->run()
#11 {main}
ERROR - 2013-12-09T16:22:32+00:00 - exception 'ErrorException' with message 'array_push() expects parameter 1 to be array, null given' in /home/johan/Git/StudentTrade/StudentTrade/Logic/Index.php:15
Stack trace:
#0 [internal function]: Slim\Slim::handleErrors(2, 'array_push() ex...', '/home/johan/Git...', 15, Array)
#1 /home/johan/Git/StudentTrade/StudentTrade/Logic/Index.php(15): array_push(NULL, Array)
#2 /home/johan/Git/StudentTrade/Public/index.php(45): Index->__construct()
#3 [internal function]: {closure}()
#4 /home/johan/Git/StudentTrade/StudentTrade/Composer/vendor/slim/slim/Slim/Route.php(441): call_user_func_array(Object(Closure), Array)
#5 /home/johan/Git/StudentTrade/StudentTrade/Composer/vendor/slim/slim/Slim/Slim.php(1314): Slim\Route->dispatch()
#6 /home/johan/Git/StudentTrade/StudentTrade/Composer/vendor/slim/slim/Slim/Middleware/Flash.php(85): Slim\Slim->call()
#7 /home/johan/Git/StudentTrade/StudentTrade/Composer/vendor/slim/slim/Slim/Middleware/MethodOverride.php(92): Slim\Middleware\Flash->call()
#8 /home/johan/Git/StudentTrade/StudentTrade/Composer/vendor/slim/slim/Slim/Middleware/PrettyExceptions.php(67): Slim\Middleware\MethodOverride->call()
#9 /home/johan/Git/StudentTrade/StudentTrade/Composer/vendor/slim/slim/Slim/Slim.php(1261): Slim\Middleware\PrettyExceptions->call()
#10 /home/johan/Git/StudentTrade/Public/index.php(68): Slim\Slim->run()
#11 {main}
ERROR - 2013-12-09T16:22:49+00:00 - exception 'ErrorException' with message 'array_push() expects parameter 1 to be array, null given' in /home/johan/Git/StudentTrade/StudentTrade/Logic/Index.php:18
Stack trace:
#0 [internal function]: Slim\Slim::handleErrors(2, 'array_push() ex...', '/home/johan/Git...', 18, Array)
#1 /home/johan/Git/StudentTrade/StudentTrade/Logic/Index.php(18): array_push(NULL, Array)
#2 /home/johan/Git/StudentTrade/Public/index.php(45): Index->__construct()
#3 [internal function]: {closure}()
#4 /home/johan/Git/StudentTrade/StudentTrade/Composer/vendor/slim/slim/Slim/Route.php(441): call_user_func_array(Object(Closure), Array)
#5 /home/johan/Git/StudentTrade/StudentTrade/Composer/vendor/slim/slim/Slim/Slim.php(1314): Slim\Route->dispatch()
#6 /home/johan/Git/StudentTrade/StudentTrade/Composer/vendor/slim/slim/Slim/Middleware/Flash.php(85): Slim\Slim->call()
#7 /home/johan/Git/StudentTrade/StudentTrade/Composer/vendor/slim/slim/Slim/Middleware/MethodOverride.php(92): Slim\Middleware\Flash->call()
#8 /home/johan/Git/StudentTrade/StudentTrade/Composer/vendor/slim/slim/Slim/Middleware/PrettyExceptions.php(67): Slim\Middleware\MethodOverride->call()
#9 /home/johan/Git/StudentTrade/StudentTrade/Composer/vendor/slim/slim/Slim/Slim.php(1261): Slim\Middleware\PrettyExceptions->call()
#10 /home/johan/Git/StudentTrade/Public/index.php(68): Slim\Slim->run()
#11 {main}
ERROR - 2013-12-09T16:23:00+00:00 - exception 'ErrorException' with message 'array_push() expects parameter 1 to be array, null given' in /home/johan/Git/StudentTrade/StudentTrade/Logic/Index.php:18
Stack trace:
#0 [internal function]: Slim\Slim::handleErrors(2, 'array_push() ex...', '/home/johan/Git...', 18, Array)
#1 /home/johan/Git/StudentTrade/StudentTrade/Logic/Index.php(18): array_push(NULL, Array)
#2 /home/johan/Git/StudentTrade/Public/index.php(45): Index->__construct()
#3 [internal function]: {closure}()
#4 /home/johan/Git/StudentTrade/StudentTrade/Composer/vendor/slim/slim/Slim/Route.php(441): call_user_func_array(Object(Closure), Array)
#5 /home/johan/Git/StudentTrade/StudentTrade/Composer/vendor/slim/slim/Slim/Slim.php(1314): Slim\Route->dispatch()
#6 /home/johan/Git/StudentTrade/StudentTrade/Composer/vendor/slim/slim/Slim/Middleware/Flash.php(85): Slim\Slim->call()
#7 /home/johan/Git/StudentTrade/StudentTrade/Composer/vendor/slim/slim/Slim/Middleware/MethodOverride.php(92): Slim\Middleware\Flash->call()
#8 /home/johan/Git/StudentTrade/StudentTrade/Composer/vendor/slim/slim/Slim/Middleware/PrettyExceptions.php(67): Slim\Middleware\MethodOverride->call()
#9 /home/johan/Git/StudentTrade/StudentTrade/Composer/vendor/slim/slim/Slim/Slim.php(1261): Slim\Middleware\PrettyExceptions->call()
#10 /home/johan/Git/StudentTrade/Public/index.php(68): Slim\Slim->run()
#11 {main}
ERROR - 2013-12-09T16:23:01+00:00 - exception 'ErrorException' with message 'array_push() expects parameter 1 to be array, null given' in /home/johan/Git/StudentTrade/StudentTrade/Logic/Index.php:18
Stack trace:
#0 [internal function]: Slim\Slim::handleErrors(2, 'array_push() ex...', '/home/johan/Git...', 18, Array)
#1 /home/johan/Git/StudentTrade/StudentTrade/Logic/Index.php(18): array_push(NULL, Array)
#2 /home/johan/Git/StudentTrade/Public/index.php(45): Index->__construct()
#3 [internal function]: {closure}()
#4 /home/johan/Git/StudentTrade/StudentTrade/Composer/vendor/slim/slim/Slim/Route.php(441): call_user_func_array(Object(Closure), Array)
#5 /home/johan/Git/StudentTrade/StudentTrade/Composer/vendor/slim/slim/Slim/Slim.php(1314): Slim\Route->dispatch()
#6 /home/johan/Git/StudentTrade/StudentTrade/Composer/vendor/slim/slim/Slim/Middleware/Flash.php(85): Slim\Slim->call()
#7 /home/johan/Git/StudentTrade/StudentTrade/Composer/vendor/slim/slim/Slim/Middleware/MethodOverride.php(92): Slim\Middleware\Flash->call()
#8 /home/johan/Git/StudentTrade/StudentTrade/Composer/vendor/slim/slim/Slim/Middleware/PrettyExceptions.php(67): Slim\Middleware\MethodOverride->call()
#9 /home/johan/Git/StudentTrade/StudentTrade/Composer/vendor/slim/slim/Slim/Slim.php(1261): Slim\Middleware\PrettyExceptions->call()
#10 /home/johan/Git/StudentTrade/Public/index.php(68): Slim\Slim->run()
#11 {main}
ERROR - 2013-12-09T16:23:18+00:00 - exception 'ErrorException' with message 'array_push() expects parameter 1 to be array, null given' in /home/johan/Git/StudentTrade/StudentTrade/Logic/Index.php:18
Stack trace:
#0 [internal function]: Slim\Slim::handleErrors(2, 'array_push() ex...', '/home/johan/Git...', 18, Array)
#1 /home/johan/Git/StudentTrade/StudentTrade/Logic/Index.php(18): array_push(NULL, Array)
#2 /home/johan/Git/StudentTrade/Public/index.php(45): Index->__construct()
#3 [internal function]: {closure}()
#4 /home/johan/Git/StudentTrade/StudentTrade/Composer/vendor/slim/slim/Slim/Route.php(441): call_user_func_array(Object(Closure), Array)
#5 /home/johan/Git/StudentTrade/StudentTrade/Composer/vendor/slim/slim/Slim/Slim.php(1314): Slim\Route->dispatch()
#6 /home/johan/Git/StudentTrade/StudentTrade/Composer/vendor/slim/slim/Slim/Middleware/Flash.php(85): Slim\Slim->call()
#7 /home/johan/Git/StudentTrade/StudentTrade/Composer/vendor/slim/slim/Slim/Middleware/MethodOverride.php(92): Slim\Middleware\Flash->call()
#8 /home/johan/Git/StudentTrade/StudentTrade/Composer/vendor/slim/slim/Slim/Middleware/PrettyExceptions.php(67): Slim\Middleware\MethodOverride->call()
#9 /home/johan/Git/StudentTrade/StudentTrade/Composer/vendor/slim/slim/Slim/Slim.php(1261): Slim\Middleware\PrettyExceptions->call()
#10 /home/johan/Git/StudentTrade/Public/index.php(68): Slim\Slim->run()
#11 {main}
ERROR - 2013-12-09T16:23:18+00:00 - exception 'ErrorException' with message 'array_push() expects parameter 1 to be array, null given' in /home/johan/Git/StudentTrade/StudentTrade/Logic/Index.php:18
Stack trace:
#0 [internal function]: Slim\Slim::handleErrors(2, 'array_push() ex...', '/home/johan/Git...', 18, Array)
#1 /home/johan/Git/StudentTrade/StudentTrade/Logic/Index.php(18): array_push(NULL, Array)
#2 /home/johan/Git/StudentTrade/Public/index.php(45): Index->__construct()
#3 [internal function]: {closure}()
#4 /home/johan/Git/StudentTrade/StudentTrade/Composer/vendor/slim/slim/Slim/Route.php(441): call_user_func_array(Object(Closure), Array)
#5 /home/johan/Git/StudentTrade/StudentTrade/Composer/vendor/slim/slim/Slim/Slim.php(1314): Slim\Route->dispatch()
#6 /home/johan/Git/StudentTrade/StudentTrade/Composer/vendor/slim/slim/Slim/Middleware/Flash.php(85): Slim\Slim->call()
#7 /home/johan/Git/StudentTrade/StudentTrade/Composer/vendor/slim/slim/Slim/Middleware/MethodOverride.php(92): Slim\Middleware\Flash->call()
#8 /home/johan/Git/StudentTrade/StudentTrade/Composer/vendor/slim/slim/Slim/Middleware/PrettyExceptions.php(67): Slim\Middleware\MethodOverride->call()
#9 /home/johan/Git/StudentTrade/StudentTrade/Composer/vendor/slim/slim/Slim/Slim.php(1261): Slim\Middleware\PrettyExceptions->call()
#10 /home/johan/Git/StudentTrade/Public/index.php(68): Slim\Slim->run()
#11 {main}
ERROR - 2013-12-09T16:23:42+00:00 - exception 'ErrorException' with message 'Undefined index: type' in /home/johan/Git/StudentTrade/Public/index.php:57
Stack trace:
#0 /home/johan/Git/StudentTrade/Public/index.php(57): Slim\Slim::handleErrors(8, 'Undefined index...', '/home/johan/Git...', 57, Array)
#1 [internal function]: {closure}('linkoping')
#2 /home/johan/Git/StudentTrade/StudentTrade/Composer/vendor/slim/slim/Slim/Route.php(441): call_user_func_array(Object(Closure), Array)
#3 /home/johan/Git/StudentTrade/StudentTrade/Composer/vendor/slim/slim/Slim/Slim.php(1314): Slim\Route->dispatch()
#4 /home/johan/Git/StudentTrade/StudentTrade/Composer/vendor/slim/slim/Slim/Middleware/Flash.php(85): Slim\Slim->call()
#5 /home/johan/Git/StudentTrade/StudentTrade/Composer/vendor/slim/slim/Slim/Middleware/MethodOverride.php(92): Slim\Middleware\Flash->call()
#6 /home/johan/Git/StudentTrade/StudentTrade/Composer/vendor/slim/slim/Slim/Middleware/PrettyExceptions.php(67): Slim\Middleware\MethodOverride->call()
#7 /home/johan/Git/StudentTrade/StudentTrade/Composer/vendor/slim/slim/Slim/Slim.php(1261): Slim\Middleware\PrettyExceptions->call()
#8 /home/johan/Git/StudentTrade/Public/index.php(68): Slim\Slim->run()
#9 {main}
ERROR - 2013-12-09T16:30:52+00:00 - exception 'ErrorException' with message 'Missing argument 1 for General::__construct(), called in /home/johan/Git/StudentTrade/Public/index.php on line 52 and defined' in /home/johan/Git/StudentTrade/StudentTrade/Logic/General.php:5
Stack trace:
#0 /home/johan/Git/StudentTrade/StudentTrade/Logic/General.php(5): Slim\Slim::handleErrors(2, 'Missing argumen...', '/home/johan/Git...', 5, Array)
#1 /home/johan/Git/StudentTrade/Public/index.php(52): General->__construct()
#2 [internal function]: {closure}('linkoping')
#3 /home/johan/Git/StudentTrade/StudentTrade/Composer/vendor/slim/slim/Slim/Route.php(441): call_user_func_array(Object(Closure), Array)
#4 /home/johan/Git/StudentTrade/StudentTrade/Composer/vendor/slim/slim/Slim/Slim.php(1314): Slim\Route->dispatch()
#5 /home/johan/Git/StudentTrade/StudentTrade/Composer/vendor/slim/slim/Slim/Middleware/Flash.php(85): Slim\Slim->call()
#6 /home/johan/Git/StudentTrade/StudentTrade/Composer/vendor/slim/slim/Slim/Middleware/MethodOverride.php(92): Slim\Middleware\Flash->call()
#7 /home/johan/Git/StudentTrade/StudentTrade/Composer/vendor/slim/slim/Slim/Middleware/PrettyExceptions.php(67): Slim\Middleware\MethodOverride->call()
#8 /home/johan/Git/StudentTrade/StudentTrade/Composer/vendor/slim/slim/Slim/Slim.php(1261): Slim\Middleware\PrettyExceptions->call()
#9 /home/johan/Git/StudentTrade/Public/index.php(68): Slim\Slim->run()
#10 {main}
ERROR - 2013-12-09T16:33:37+00:00 - exception 'ErrorException' with message 'Undefined property: General::$universityCampuses' in /home/johan/Git/StudentTrade/StudentTrade/Logic/General.php:14
Stack trace:
#0 /home/johan/Git/StudentTrade/StudentTrade/Logic/General.php(14): Slim\Slim::handleErrors(8, 'Undefined prope...', '/home/johan/Git...', 14, Array)
#1 /home/johan/Git/StudentTrade/Public/index.php(59): General->getCampuses()
#2 [internal function]: {closure}('linkoping')
#3 /home/johan/Git/StudentTrade/StudentTrade/Composer/vendor/slim/slim/Slim/Route.php(441): call_user_func_array(Object(Closure), Array)
#4 /home/johan/Git/StudentTrade/StudentTrade/Composer/vendor/slim/slim/Slim/Slim.php(1314): Slim\Route->dispatch()
#5 /home/johan/Git/StudentTrade/StudentTrade/Composer/vendor/slim/slim/Slim/Middleware/Flash.php(85): Slim\Slim->call()
#6 /home/johan/Git/StudentTrade/StudentTrade/Composer/vendor/slim/slim/Slim/Middleware/MethodOverride.php(92): Slim\Middleware\Flash->call()
#7 /home/johan/Git/StudentTrade/StudentTrade/Composer/vendor/slim/slim/Slim/Middleware/PrettyExceptions.php(67): Slim\Middleware\MethodOverride->call()
#8 /home/johan/Git/StudentTrade/StudentTrade/Composer/vendor/slim/slim/Slim/Slim.php(1261): Slim\Middleware\PrettyExceptions->call()
#9 /home/johan/Git/StudentTrade/Public/index.php(66): Slim\Slim->run()
#10 {main}
ERROR - 2013-12-09T16:35:46+00:00 - exception 'ErrorException' with message 'Undefined variable: city' in /home/johan/Git/StudentTrade/StudentTrade/Logic/General.php:23
Stack trace:
#0 /home/johan/Git/StudentTrade/StudentTrade/Logic/General.php(23): Slim\Slim::handleErrors(8, 'Undefined varia...', '/home/johan/Git...', 23, Array)
#1 /home/johan/Git/StudentTrade/Public/index.php(52): General->setCurrentCity('linkoping')
#2 [internal function]: {closure}('linkoping')
#3 /home/johan/Git/StudentTrade/StudentTrade/Composer/vendor/slim/slim/Slim/Route.php(441): call_user_func_array(Object(Closure), Array)
#4 /home/johan/Git/StudentTrade/StudentTrade/Composer/vendor/slim/slim/Slim/Slim.php(1314): Slim\Route->dispatch()
#5 /home/johan/Git/StudentTrade/StudentTrade/Composer/vendor/slim/slim/Slim/Middleware/Flash.php(85): Slim\Slim->call()
#6 /home/johan/Git/StudentTrade/StudentTrade/Composer/vendor/slim/slim/Slim/Middleware/MethodOverride.php(92): Slim\Middleware\Flash->call()
#7 /home/johan/Git/StudentTrade/StudentTrade/Composer/vendor/slim/slim/Slim/Middleware/PrettyExceptions.php(67): Slim\Middleware\MethodOverride->call()
#8 /home/johan/Git/StudentTrade/StudentTrade/Composer/vendor/slim/slim/Slim/Slim.php(1261): Slim\Middleware\PrettyExceptions->call()
#9 /home/johan/Git/StudentTrade/Public/index.php(66): Slim\Slim->run()
#10 {main}
ERROR - 2013-12-09T16:36:04+00:00 - exception 'ErrorException' with message 'Illegal string offset 'id'' in /home/johan/Git/StudentTrade/StudentTrade/Logic/General.php:24
Stack trace:
#0 /home/johan/Git/StudentTrade/StudentTrade/Logic/General.php(24): Slim\Slim::handleErrors(2, 'Illegal string ...', '/home/johan/Git...', 24, Array)
#1 /home/johan/Git/StudentTrade/Public/index.php(52): General->setCurrentCity('linkoping')
#2 [internal function]: {closure}('linkoping')
#3 /home/johan/Git/StudentTrade/StudentTrade/Composer/vendor/slim/slim/Slim/Route.php(441): call_user_func_array(Object(Closure), Array)
#4 /home/johan/Git/StudentTrade/StudentTrade/Composer/vendor/slim/slim/Slim/Slim.php(1314): Slim\Route->dispatch()
#5 /home/johan/Git/StudentTrade/StudentTrade/Composer/vendor/slim/slim/Slim/Middleware/Flash.php(85): Slim\Slim->call()
#6 /home/johan/Git/StudentTrade/StudentTrade/Composer/vendor/slim/slim/Slim/Middleware/MethodOverride.php(92): Slim\Middleware\Flash->call()
#7 /home/johan/Git/StudentTrade/StudentTrade/Composer/vendor/slim/slim/Slim/Middleware/PrettyExceptions.php(67): Slim\Middleware\MethodOverride->call()
#8 /home/johan/Git/StudentTrade/StudentTrade/Composer/vendor/slim/slim/Slim/Slim.php(1261): Slim\Middleware\PrettyExceptions->call()
#9 /home/johan/Git/StudentTrade/Public/index.php(66): Slim\Slim->run()
#10 {main}
ERROR - 2013-12-09T18:17:44+00:00 - exception 'ErrorException' with message 'Undefined variable: views' in /home/johan/Git/StudentTrade/Public/index.php:54
Stack trace:
#0 /home/johan/Git/StudentTrade/Public/index.php(54): Slim\Slim::handleErrors(8, 'Undefined varia...', '/home/johan/Git...', 54, Array)
#1 [internal function]: {closure}('linkoping')
#2 /home/johan/Git/StudentTrade/StudentTrade/Composer/vendor/slim/slim/Slim/Route.php(441): call_user_func_array(Object(Closure), Array)
#3 /home/johan/Git/StudentTrade/StudentTrade/Composer/vendor/slim/slim/Slim/Slim.php(1314): Slim\Route->dispatch()
#4 /home/johan/Git/StudentTrade/StudentTrade/Composer/vendor/slim/slim/Slim/Middleware/Flash.php(85): Slim\Slim->call()
#5 /home/johan/Git/StudentTrade/StudentTrade/Composer/vendor/slim/slim/Slim/Middleware/MethodOverride.php(92): Slim\Middleware\Flash->call()
#6 /home/johan/Git/StudentTrade/StudentTrade/Composer/vendor/slim/slim/Slim/Middleware/PrettyExceptions.php(67): Slim\Middleware\MethodOverride->call()
#7 /home/johan/Git/StudentTrade/StudentTrade/Composer/vendor/slim/slim/Slim/Slim.php(1261): Slim\Middleware\PrettyExceptions->call()
#8 /home/johan/Git/StudentTrade/Public/index.php(69): Slim\Slim->run()
#9 {main}
ERROR - 2013-12-09T18:17:55+00:00 - exception 'ErrorException' with message 'Undefined index: type' in /home/johan/Git/StudentTrade/Public/index.php:54
Stack trace:
#0 /home/johan/Git/StudentTrade/Public/index.php(54): Slim\Slim::handleErrors(8, 'Undefined index...', '/home/johan/Git...', 54, Array)
#1 [internal function]: {closure}('linkoping')
#2 /home/johan/Git/StudentTrade/StudentTrade/Composer/vendor/slim/slim/Slim/Route.php(441): call_user_func_array(Object(Closure), Array)
#3 /home/johan/Git/StudentTrade/StudentTrade/Composer/vendor/slim/slim/Slim/Slim.php(1314): Slim\Route->dispatch()
#4 /home/johan/Git/StudentTrade/StudentTrade/Composer/vendor/slim/slim/Slim/Middleware/Flash.php(85): Slim\Slim->call()
#5 /home/johan/Git/StudentTrade/StudentTrade/Composer/vendor/slim/slim/Slim/Middleware/MethodOverride.php(92): Slim\Middleware\Flash->call()
#6 /home/johan/Git/StudentTrade/StudentTrade/Composer/vendor/slim/slim/Slim/Middleware/PrettyExceptions.php(67): Slim\Middleware\MethodOverride->call()
#7 /home/johan/Git/StudentTrade/StudentTrade/Composer/vendor/slim/slim/Slim/Slim.php(1261): Slim\Middleware\PrettyExceptions->call()
#8 /home/johan/Git/StudentTrade/Public/index.php(69): Slim\Slim->run()
#9 {main}
ERROR - 2013-12-09T18:26:23+00:00 - exception 'ErrorException' with message 'Array to string conversion' in /home/johan/Git/StudentTrade/StudentTrade/Logic/General.php:22
Stack trace:
#0 /home/johan/Git/StudentTrade/StudentTrade/Logic/General.php(22): Slim\Slim::handleErrors(8, 'Array to string...', '/home/johan/Git...', 22, Array)
#1 /home/johan/Git/StudentTrade/Public/index.php(53): General->getCategories()
#2 [internal function]: {closure}('linkoping')
#3 /home/johan/Git/StudentTrade/StudentTrade/Composer/vendor/slim/slim/Slim/Route.php(441): call_user_func_array(Object(Closure), Array)
#4 /home/johan/Git/StudentTrade/StudentTrade/Composer/vendor/slim/slim/Slim/Slim.php(1314): Slim\Route->dispatch()
#5 /home/johan/Git/StudentTrade/StudentTrade/Composer/vendor/slim/slim/Slim/Middleware/Flash.php(85): Slim\Slim->call()
#6 /home/johan/Git/StudentTrade/StudentTrade/Composer/vendor/slim/slim/Slim/Middleware/MethodOverride.php(92): Slim\Middleware\Flash->call()
#7 /home/johan/Git/StudentTrade/StudentTrade/Composer/vendor/slim/slim/Slim/Middleware/PrettyExceptions.php(67): Slim\Middleware\MethodOverride->call()
#8 /home/johan/Git/StudentTrade/StudentTrade/Composer/vendor/slim/slim/Slim/Slim.php(1261): Slim\Middleware\PrettyExceptions->call()
#9 /home/johan/Git/StudentTrade/Public/index.php(68): Slim\Slim->run()
#10 {main}
ERROR - 2013-12-09T18:27:37+00:00 - exception 'ErrorException' with message 'Undefined index: type' in /home/johan/Git/StudentTrade/Public/index.php:53
Stack trace:
#0 /home/johan/Git/StudentTrade/Public/index.php(53): Slim\Slim::handleErrors(8, 'Undefined index...', '/home/johan/Git...', 53, Array)
#1 [internal function]: {closure}('linkoping')
#2 /home/johan/Git/StudentTrade/StudentTrade/Composer/vendor/slim/slim/Slim/Route.php(441): call_user_func_array(Object(Closure), Array)
#3 /home/johan/Git/StudentTrade/StudentTrade/Composer/vendor/slim/slim/Slim/Slim.php(1314): Slim\Route->dispatch()
#4 /home/johan/Git/StudentTrade/StudentTrade/Composer/vendor/slim/slim/Slim/Middleware/Flash.php(85): Slim\Slim->call()
#5 /home/johan/Git/StudentTrade/StudentTrade/Composer/vendor/slim/slim/Slim/Middleware/MethodOverride.php(92): Slim\Middleware\Flash->call()
#6 /home/johan/Git/StudentTrade/StudentTrade/Composer/vendor/slim/slim/Slim/Middleware/PrettyExceptions.php(67): Slim\Middleware\MethodOverride->call()
#7 /home/johan/Git/StudentTrade/StudentTrade/Composer/vendor/slim/slim/Slim/Slim.php(1261): Slim\Middleware\PrettyExceptions->call()
#8 /home/johan/Git/StudentTrade/Public/index.php(68): Slim\Slim->run()
#9 {main}
ERROR - 2013-12-09T18:43:11+00:00 - exception 'ErrorException' with message 'Array to string conversion' in /home/johan/Git/StudentTrade/StudentTrade/Logic/General.php:24
Stack trace:
#0 /home/johan/Git/StudentTrade/StudentTrade/Logic/General.php(24): Slim\Slim::handleErrors(8, 'Array to string...', '/home/johan/Git...', 24, Array)
#1 /home/johan/Git/StudentTrade/Public/index.php(60): General->getAddNewAdURL(NULL, NULL)
#2 [internal function]: {closure}('linkoping')
#3 /home/johan/Git/StudentTrade/StudentTrade/Composer/vendor/slim/slim/Slim/Route.php(441): call_user_func_array(Object(Closure), Array)
#4 /home/johan/Git/StudentTrade/StudentTrade/Composer/vendor/slim/slim/Slim/Slim.php(1314): Slim\Route->dispatch()
#5 /home/johan/Git/StudentTrade/StudentTrade/Composer/vendor/slim/slim/Slim/Middleware/Flash.php(85): Slim\Slim->call()
#6 /home/johan/Git/StudentTrade/StudentTrade/Composer/vendor/slim/slim/Slim/Middleware/MethodOverride.php(92): Slim\Middleware\Flash->call()
#7 /home/johan/Git/StudentTrade/StudentTrade/Composer/vendor/slim/slim/Slim/Middleware/PrettyExceptions.php(67): Slim\Middleware\MethodOverride->call()
#8 /home/johan/Git/StudentTrade/StudentTrade/Composer/vendor/slim/slim/Slim/Slim.php(1261): Slim\Middleware\PrettyExceptions->call()
#9 /home/johan/Git/StudentTrade/Public/index.php(69): Slim\Slim->run()
#10 {main}
ERROR - 2013-12-09T18:44:00+00:00 - exception 'ErrorException' with message 'Array to string conversion' in /home/johan/Git/StudentTrade/StudentTrade/Logic/General.php:24
Stack trace:
#0 /home/johan/Git/StudentTrade/StudentTrade/Logic/General.php(24): Slim\Slim::handleErrors(8, 'Array to string...', '/home/johan/Git...', 24, Array)
#1 /home/johan/Git/StudentTrade/Public/index.php(60): General->getAddNewAdURL(NULL, NULL)
#2 [internal function]: {closure}('linkoping')
#3 /home/johan/Git/StudentTrade/StudentTrade/Composer/vendor/slim/slim/Slim/Route.php(441): call_user_func_array(Object(Closure), Array)
#4 /home/johan/Git/StudentTrade/StudentTrade/Composer/vendor/slim/slim/Slim/Slim.php(1314): Slim\Route->dispatch()
#5 /home/johan/Git/StudentTrade/StudentTrade/Composer/vendor/slim/slim/Slim/Middleware/Flash.php(85): Slim\Slim->call()
#6 /home/johan/Git/StudentTrade/StudentTrade/Composer/vendor/slim/slim/Slim/Middleware/MethodOverride.php(92): Slim\Middleware\Flash->call()
#7 /home/johan/Git/StudentTrade/StudentTrade/Composer/vendor/slim/slim/Slim/Middleware/PrettyExceptions.php(67): Slim\Middleware\MethodOverride->call()
#8 /home/johan/Git/StudentTrade/StudentTrade/Composer/vendor/slim/slim/Slim/Slim.php(1261): Slim\Middleware\PrettyExceptions->call()
#9 /home/johan/Git/StudentTrade/Public/index.php(69): Slim\Slim->run()
#10 {main}
ERROR - 2013-12-09T18:44:09+00:00 - exception 'ErrorException' with message 'Array to string conversion' in /home/johan/Git/StudentTrade/StudentTrade/Logic/General.php:25
Stack trace:
#0 /home/johan/Git/StudentTrade/StudentTrade/Logic/General.php(25): Slim\Slim::handleErrors(8, 'Array to string...', '/home/johan/Git...', 25, Array)
#1 /home/johan/Git/StudentTrade/Public/index.php(60): General->getAddNewAdURL(NULL, NULL)
#2 [internal function]: {closure}('linkoping')
#3 /home/johan/Git/StudentTrade/StudentTrade/Composer/vendor/slim/slim/Slim/Route.php(441): call_user_func_array(Object(Closure), Array)
#4 /home/johan/Git/StudentTrade/StudentTrade/Composer/vendor/slim/slim/Slim/Slim.php(1314): Slim\Route->dispatch()
#5 /home/johan/Git/StudentTrade/StudentTrade/Composer/vendor/slim/slim/Slim/Middleware/Flash.php(85): Slim\Slim->call()
#6 /home/johan/Git/StudentTrade/StudentTrade/Composer/vendor/slim/slim/Slim/Middleware/MethodOverride.php(92): Slim\Middleware\Flash->call()
#7 /home/johan/Git/StudentTrade/StudentTrade/Composer/vendor/slim/slim/Slim/Middleware/PrettyExceptions.php(67): Slim\Middleware\MethodOverride->call()
#8 /home/johan/Git/StudentTrade/StudentTrade/Composer/vendor/slim/slim/Slim/Slim.php(1261): Slim\Middleware\PrettyExceptions->call()
#9 /home/johan/Git/StudentTrade/Public/index.php(69): Slim\Slim->run()
#10 {main}
ERROR - 2013-12-09T19:12:40+00:00 - exception 'ErrorException' with message 'Undefined variable: urlCss' in /home/johan/Git/StudentTrade/Public/index.php:62
Stack trace:
#0 /home/johan/Git/StudentTrade/Public/index.php(62): Slim\Slim::handleErrors(8, 'Undefined varia...', '/home/johan/Git...', 62, Array)
#1 [internal function]: {closure}('linkoping', 'valla', 'hej')
#2 /home/johan/Git/StudentTrade/StudentTrade/Composer/vendor/slim/slim/Slim/Route.php(441): call_user_func_array(Object(Closure), Array)
#3 /home/johan/Git/StudentTrade/StudentTrade/Composer/vendor/slim/slim/Slim/Slim.php(1314): Slim\Route->dispatch()
#4 /home/johan/Git/StudentTrade/StudentTrade/Composer/vendor/slim/slim/Slim/Middleware/Flash.php(85): Slim\Slim->call()
#5 /home/johan/Git/StudentTrade/StudentTrade/Composer/vendor/slim/slim/Slim/Middleware/MethodOverride.php(92): Slim\Middleware\Flash->call()
#6 /home/johan/Git/StudentTrade/StudentTrade/Composer/vendor/slim/slim/Slim/Middleware/PrettyExceptions.php(67): Slim\Middleware\MethodOverride->call()
#7 /home/johan/Git/StudentTrade/StudentTrade/Composer/vendor/slim/slim/Slim/Slim.php(1261): Slim\Middleware\PrettyExceptions->call()
#8 /home/johan/Git/StudentTrade/Public/index.php(78): Slim\Slim->run()
#9 {main}
ERROR - 2013-12-09T19:12:42+00:00 - exception 'ErrorException' with message 'Undefined variable: urlCss' in /home/johan/Git/StudentTrade/Public/index.php:62
Stack trace:
#0 /home/johan/Git/StudentTrade/Public/index.php(62): Slim\Slim::handleErrors(8, 'Undefined varia...', '/home/johan/Git...', 62, Array)
#1 [internal function]: {closure}('linkoping', 'valla', 'hej')
#2 /home/johan/Git/StudentTrade/StudentTrade/Composer/vendor/slim/slim/Slim/Route.php(441): call_user_func_array(Object(Closure), Array)
#3 /home/johan/Git/StudentTrade/StudentTrade/Composer/vendor/slim/slim/Slim/Slim.php(1314): Slim\Route->dispatch()
#4 /home/johan/Git/StudentTrade/StudentTrade/Composer/vendor/slim/slim/Slim/Middleware/Flash.php(85): Slim\Slim->call()
#5 /home/johan/Git/StudentTrade/StudentTrade/Composer/vendor/slim/slim/Slim/Middleware/MethodOverride.php(92): Slim\Middleware\Flash->call()
#6 /home/johan/Git/StudentTrade/StudentTrade/Composer/vendor/slim/slim/Slim/Middleware/PrettyExceptions.php(67): Slim\Middleware\MethodOverride->call()
#7 /home/johan/Git/StudentTrade/StudentTrade/Composer/vendor/slim/slim/Slim/Slim.php(1261): Slim\Middleware\PrettyExceptions->call()
#8 /home/johan/Git/StudentTrade/Public/index.php(78): Slim\Slim->run()
#9 {main}
ERROR - 2013-12-09T19:12:44+00:00 - exception 'ErrorException' with message 'Undefined variable: urlCss' in /home/johan/Git/StudentTrade/Public/index.php:62
Stack trace:
#0 /home/johan/Git/StudentTrade/Public/index.php(62): Slim\Slim::handleErrors(8, 'Undefined varia...', '/home/johan/Git...', 62, Array)
#1 [internal function]: {closure}('linkoping', 'valla', 'hej')
#2 /home/johan/Git/StudentTrade/StudentTrade/Composer/vendor/slim/slim/Slim/Route.php(441): call_user_func_array(Object(Closure), Array)
#3 /home/johan/Git/StudentTrade/StudentTrade/Composer/vendor/slim/slim/Slim/Slim.php(1314): Slim\Route->dispatch()
#4 /home/johan/Git/StudentTrade/StudentTrade/Composer/vendor/slim/slim/Slim/Middleware/Flash.php(85): Slim\Slim->call()
#5 /home/johan/Git/StudentTrade/StudentTrade/Composer/vendor/slim/slim/Slim/Middleware/MethodOverride.php(92): Slim\Middleware\Flash->call()
#6 /home/johan/Git/StudentTrade/StudentTrade/Composer/vendor/slim/slim/Slim/Middleware/PrettyExceptions.php(67): Slim\Middleware\MethodOverride->call()
#7 /home/johan/Git/StudentTrade/StudentTrade/Composer/vendor/slim/slim/Slim/Slim.php(1261): Slim\Middleware\PrettyExceptions->call()
#8 /home/johan/Git/StudentTrade/Public/index.php(78): Slim\Slim->run()
#9 {main}
ERROR - 2013-12-09T19:58:46+00:00 - exception 'ErrorException' with message 'Undefined property: Slim\Http\Request::$URLCSS' in /home/johan/Git/StudentTrade/Public/index.php:62
Stack trace:
#0 /home/johan/Git/StudentTrade/Public/index.php(62): Slim\Slim::handleErrors(8, 'Undefined prope...', '/home/johan/Git...', 62, Array)
#1 [internal function]: {closure}('linkoping')
#2 /home/johan/Git/StudentTrade/StudentTrade/Composer/vendor/slim/slim/Slim/Route.php(441): call_user_func_array(Object(Closure), Array)
#3 /home/johan/Git/StudentTrade/StudentTrade/Composer/vendor/slim/slim/Slim/Slim.php(1314): Slim\Route->dispatch()
#4 /home/johan/Git/StudentTrade/StudentTrade/Composer/vendor/slim/slim/Slim/Middleware/Flash.php(85): Slim\Slim->call()
#5 /home/johan/Git/StudentTrade/StudentTrade/Composer/vendor/slim/slim/Slim/Middleware/MethodOverride.php(92): Slim\Middleware\Flash->call()
#6 /home/johan/Git/StudentTrade/StudentTrade/Composer/vendor/slim/slim/Slim/Middleware/PrettyExceptions.php(67): Slim\Middleware\MethodOverride->call()
#7 /home/johan/Git/StudentTrade/StudentTrade/Composer/vendor/slim/slim/Slim/Slim.php(1261): Slim\Middleware\PrettyExceptions->call()
#8 /home/johan/Git/StudentTrade/Public/index.php(78): Slim\Slim->run()
#9 {main}
ERROR - 2013-12-09T20:46:12+00:00 - exception 'ErrorException' with message 'Array to string conversion' in /home/johan/Git/StudentTrade/StudentTrade/Logic/General.php:41
Stack trace:
#0 /home/johan/Git/StudentTrade/StudentTrade/Logic/General.php(41): Slim\Slim::handleErrors(8, 'Array to string...', '/home/johan/Git...', 41, Array)
#1 /home/johan/Git/StudentTrade/Public/index.php(70): General->getCategories(NULL)
#2 [internal function]: {closure}('stockholm')
#3 /home/johan/Git/StudentTrade/StudentTrade/Composer/vendor/slim/slim/Slim/Route.php(441): call_user_func_array(Object(Closure), Array)
#4 /home/johan/Git/StudentTrade/StudentTrade/Composer/vendor/slim/slim/Slim/Slim.php(1314): Slim\Route->dispatch()
#5 /home/johan/Git/StudentTrade/StudentTrade/Composer/vendor/slim/slim/Slim/Middleware/Flash.php(85): Slim\Slim->call()
#6 /home/johan/Git/StudentTrade/StudentTrade/Composer/vendor/slim/slim/Slim/Middleware/MethodOverride.php(92): Slim\Middleware\Flash->call()
#7 /home/johan/Git/StudentTrade/StudentTrade/Composer/vendor/slim/slim/Slim/Middleware/PrettyExceptions.php(67): Slim\Middleware\MethodOverride->call()
#8 /home/johan/Git/StudentTrade/StudentTrade/Composer/vendor/slim/slim/Slim/Slim.php(1261): Slim\Middleware\PrettyExceptions->call()
#9 /home/johan/Git/StudentTrade/Public/index.php(76): Slim\Slim->run()
#10 {main}
ERROR - 2013-12-09T21:15:02+00:00 - exception 'ErrorException' with message 'Undefined variable: ad' in /home/johan/Git/StudentTrade/StudentTrade/Logic/General.php:58
Stack trace:
#0 /home/johan/Git/StudentTrade/StudentTrade/Logic/General.php(58): Slim\Slim::handleErrors(8, 'Undefined varia...', '/home/johan/Git...', 58, Array)
#1 /home/johan/Git/StudentTrade/Public/index.php(86): General->getBreadcrumbs('', '', '')
#2 [internal function]: {closure}('linkoping', '', '', '')
#3 /home/johan/Git/StudentTrade/StudentTrade/Composer/vendor/slim/slim/Slim/Route.php(441): call_user_func_array(Object(Closure), Array)
#4 /home/johan/Git/StudentTrade/StudentTrade/Composer/vendor/slim/slim/Slim/Slim.php(1314): Slim\Route->dispatch()
#5 /home/johan/Git/StudentTrade/StudentTrade/Composer/vendor/slim/slim/Slim/Middleware/Flash.php(85): Slim\Slim->call()
#6 /home/johan/Git/StudentTrade/StudentTrade/Composer/vendor/slim/slim/Slim/Middleware/MethodOverride.php(92): Slim\Middleware\Flash->call()
#7 /home/johan/Git/StudentTrade/StudentTrade/Composer/vendor/slim/slim/Slim/Middleware/PrettyExceptions.php(67): Slim\Middleware\MethodOverride->call()
#8 /home/johan/Git/StudentTrade/StudentTrade/Composer/vendor/slim/slim/Slim/Slim.php(1261): Slim\Middleware\PrettyExceptions->call()
#9 /home/johan/Git/StudentTrade/Public/index.php(91): Slim\Slim->run()
#10 {main}
