ERROR - 2013-12-20T15:34:01+00:00 - exception 'ErrorException' with message 'Array to string conversion' in /home/johan/Git/StudentTrade/StudentTrade/Composer/vendor/twig/twig/lib/Twig/Environment.php(331) : eval()'d code:49
Stack trace:
#0 /home/johan/Git/StudentTrade/StudentTrade/Composer/vendor/twig/twig/lib/Twig/Environment.php(331) : eval()'d code(49): Slim\Slim::handleErrors(8, 'Array to string...', '/home/johan/Git...', 49, Array)
#1 /home/johan/Git/StudentTrade/StudentTrade/Composer/vendor/twig/twig/lib/Twig/Template.php(142): __TwigTemplate_43b1c0ce0c42ecf52a850ef2d8cae2541ee90d6ac66e45cbb0d93c6a26ca829a->block_content(Array, Array)
#2 /home/johan/Git/StudentTrade/StudentTrade/Composer/vendor/twig/twig/lib/Twig/Environment.php(331) : eval()'d code(290): Twig_Template->displayBlock('content', Array, Array)
#3 /home/johan/Git/StudentTrade/StudentTrade/Composer/vendor/twig/twig/lib/Twig/Template.php(276): __TwigTemplate_694409c45e97f2abb09732c3008184224b81fd4f184b0b82bd76907b1d6cc4d3->doDisplay(Array, Array)
#4 /home/johan/Git/StudentTrade/StudentTrade/Composer/vendor/twig/twig/lib/Twig/Template.php(250): Twig_Template->displayWithErrorHandling(Array, Array)
#5 /home/johan/Git/StudentTrade/StudentTrade/Composer/vendor/twig/twig/lib/Twig/Environment.php(331) : eval()'d code(25): Twig_Template->display(Array, Array)
#6 /home/johan/Git/StudentTrade/StudentTrade/Composer/vendor/twig/twig/lib/Twig/Template.php(276): __TwigTemplate_43b1c0ce0c42ecf52a850ef2d8cae2541ee90d6ac66e45cbb0d93c6a26ca829a->doDisplay(Array, Array)
#7 /home/johan/Git/StudentTrade/StudentTrade/Composer/vendor/twig/twig/lib/Twig/Template.php(250): Twig_Template->displayWithErrorHandling(Array, Array)
#8 /home/johan/Git/StudentTrade/StudentTrade/Composer/vendor/twig/twig/lib/Twig/Template.php(261): Twig_Template->display(Array)
#9 /home/johan/Git/StudentTrade/StudentTrade/Composer/vendor/slim/views/Slim/Views/Twig.php(88): Twig_Template->render(Array, NULL)
#10 /home/johan/Git/StudentTrade/StudentTrade/Composer/vendor/slim/slim/Slim/View.php(255): Slim\Views\Twig->render('showAd.tpl', NULL)
#11 /home/johan/Git/StudentTrade/StudentTrade/Composer/vendor/slim/slim/Slim/View.php(243): Slim\View->fetch('showAd.tpl', NULL)
#12 /home/johan/Git/StudentTrade/StudentTrade/Composer/vendor/slim/slim/Slim/Slim.php(751): Slim\View->display('showAd.tpl')
#13 /home/johan/Git/StudentTrade/Public/index.php(104): Slim\Slim->render('showAd.tpl', Array)
#14 [internal function]: {closure}('linkoping', '1')
#15 /home/johan/Git/StudentTrade/StudentTrade/Composer/vendor/slim/slim/Slim/Route.php(441): call_user_func_array(Object(Closure), Array)
#16 /home/johan/Git/StudentTrade/StudentTrade/Composer/vendor/slim/slim/Slim/Slim.php(1314): Slim\Route->dispatch()
#17 /home/johan/Git/StudentTrade/StudentTrade/Composer/vendor/slim/slim/Slim/Middleware/Flash.php(85): Slim\Slim->call()
#18 /home/johan/Git/StudentTrade/StudentTrade/Composer/vendor/slim/slim/Slim/Middleware/MethodOverride.php(92): Slim\Middleware\Flash->call()
#19 /home/johan/Git/StudentTrade/StudentTrade/Composer/vendor/slim/slim/Slim/Middleware/PrettyExceptions.php(67): Slim\Middleware\MethodOverride->call()
#20 /home/johan/Git/StudentTrade/StudentTrade/Composer/vendor/slim/slim/Slim/Slim.php(1261): Slim\Middleware\PrettyExceptions->call()
#21 /home/johan/Git/StudentTrade/Public/index.php(214): Slim\Slim->run()
#22 {main}

Next exception 'Twig_Error_Runtime' with message 'An exception has been thrown during the rendering of a template ("Array to string conversion") in "showAd.tpl" at line 11.' in /home/johan/Git/StudentTrade/StudentTrade/Composer/vendor/twig/twig/lib/Twig/Template.php:146
Stack trace:
#0 /home/johan/Git/StudentTrade/StudentTrade/Composer/vendor/twig/twig/lib/Twig/Environment.php(331) : eval()'d code(290): Twig_Template->displayBlock('content', Array, Array)
#1 /home/johan/Git/StudentTrade/StudentTrade/Composer/vendor/twig/twig/lib/Twig/Template.php(276): __TwigTemplate_694409c45e97f2abb09732c3008184224b81fd4f184b0b82bd76907b1d6cc4d3->doDisplay(Array, Array)
#2 /home/johan/Git/StudentTrade/StudentTrade/Composer/vendor/twig/twig/lib/Twig/Template.php(250): Twig_Template->displayWithErrorHandling(Array, Array)
#3 /home/johan/Git/StudentTrade/StudentTrade/Composer/vendor/twig/twig/lib/Twig/Environment.php(331) : eval()'d code(25): Twig_Template->display(Array, Array)
#4 /home/johan/Git/StudentTrade/StudentTrade/Composer/vendor/twig/twig/lib/Twig/Template.php(276): __TwigTemplate_43b1c0ce0c42ecf52a850ef2d8cae2541ee90d6ac66e45cbb0d93c6a26ca829a->doDisplay(Array, Array)
#5 /home/johan/Git/StudentTrade/StudentTrade/Composer/vendor/twig/twig/lib/Twig/Template.php(250): Twig_Template->displayWithErrorHandling(Array, Array)
#6 /home/johan/Git/StudentTrade/StudentTrade/Composer/vendor/twig/twig/lib/Twig/Template.php(261): Twig_Template->display(Array)
#7 /home/johan/Git/StudentTrade/StudentTrade/Composer/vendor/slim/views/Slim/Views/Twig.php(88): Twig_Template->render(Array, NULL)
#8 /home/johan/Git/StudentTrade/StudentTrade/Composer/vendor/slim/slim/Slim/View.php(255): Slim\Views\Twig->render('showAd.tpl', NULL)
#9 /home/johan/Git/StudentTrade/StudentTrade/Composer/vendor/slim/slim/Slim/View.php(243): Slim\View->fetch('showAd.tpl', NULL)
#10 /home/johan/Git/StudentTrade/StudentTrade/Composer/vendor/slim/slim/Slim/Slim.php(751): Slim\View->display('showAd.tpl')
#11 /home/johan/Git/StudentTrade/Public/index.php(104): Slim\Slim->render('showAd.tpl', Array)
#12 [internal function]: {closure}('linkoping', '1')
#13 /home/johan/Git/StudentTrade/StudentTrade/Composer/vendor/slim/slim/Slim/Route.php(441): call_user_func_array(Object(Closure), Array)
#14 /home/johan/Git/StudentTrade/StudentTrade/Composer/vendor/slim/slim/Slim/Slim.php(1314): Slim\Route->dispatch()
#15 /home/johan/Git/StudentTrade/StudentTrade/Composer/vendor/slim/slim/Slim/Middleware/Flash.php(85): Slim\Slim->call()
#16 /home/johan/Git/StudentTrade/StudentTrade/Composer/vendor/slim/slim/Slim/Middleware/MethodOverride.php(92): Slim\Middleware\Flash->call()
#17 /home/johan/Git/StudentTrade/StudentTrade/Composer/vendor/slim/slim/Slim/Middleware/PrettyExceptions.php(67): Slim\Middleware\MethodOverride->call()
#18 /home/johan/Git/StudentTrade/StudentTrade/Composer/vendor/slim/slim/Slim/Slim.php(1261): Slim\Middleware\PrettyExceptions->call()
#19 /home/johan/Git/StudentTrade/Public/index.php(214): Slim\Slim->run()
#20 {main}
