ERROR - 2013-12-05T05:31:10+00:00 - exception 'ErrorException' with message 'Undefined variable: app' in /home/johan/Git/StudentTrade/Public/index.php:61
Stack trace:
#0 /home/johan/Git/StudentTrade/Public/index.php(61): Slim\Slim::handleErrors(8, 'Undefined varia...', '/home/johan/Git...', 61, Array)
#1 /home/johan/Git/StudentTrade/Public/index.php(98): setHeader('linkoping', NULL, NULL, NULL)
#2 [internal function]: {closure}('linkoping')
#3 /home/johan/Git/StudentTrade/StudentTrade/Composer/vendor/slim/slim/Slim/Route.php(441): call_user_func_array(Object(Closure), Array)
#4 /home/johan/Git/StudentTrade/StudentTrade/Composer/vendor/slim/slim/Slim/Slim.php(1314): Slim\Route->dispatch()
#5 /home/johan/Git/StudentTrade/StudentTrade/Composer/vendor/slim/slim/Slim/Middleware/Flash.php(85): Slim\Slim->call()
#6 /home/johan/Git/StudentTrade/StudentTrade/Composer/vendor/slim/slim/Slim/Middleware/MethodOverride.php(92): Slim\Middleware\Flash->call()
#7 /home/johan/Git/StudentTrade/StudentTrade/Composer/vendor/slim/slim/Slim/Middleware/PrettyExceptions.php(67): Slim\Middleware\MethodOverride->call()
#8 /home/johan/Git/StudentTrade/StudentTrade/Composer/vendor/slim/slim/Slim/Slim.php(1261): Slim\Middleware\PrettyExceptions->call()
#9 /home/johan/Git/StudentTrade/Public/index.php(101): Slim\Slim->run()
#10 {main}
ERROR - 2013-12-05T05:51:40+00:00 - exception 'ErrorException' with message 'print_r() expects at least 1 parameter, 0 given' in /home/johan/Git/StudentTrade/Public/index.php:77
Stack trace:
#0 [internal function]: Slim\Slim::handleErrors(2, 'print_r() expec...', '/home/johan/Git...', 77, Array)
#1 /home/johan/Git/StudentTrade/Public/index.php(77): print_r()
#2 [internal function]: {closure}('linkoping', '', 'work')
#3 /home/johan/Git/StudentTrade/StudentTrade/Composer/vendor/slim/slim/Slim/Route.php(441): call_user_func_array(Object(Closure), Array)
#4 /home/johan/Git/StudentTrade/StudentTrade/Composer/vendor/slim/slim/Slim/Slim.php(1314): Slim\Route->dispatch()
#5 /home/johan/Git/StudentTrade/StudentTrade/Composer/vendor/slim/slim/Slim/Middleware/Flash.php(85): Slim\Slim->call()
#6 /home/johan/Git/StudentTrade/StudentTrade/Composer/vendor/slim/slim/Slim/Middleware/MethodOverride.php(92): Slim\Middleware\Flash->call()
#7 /home/johan/Git/StudentTrade/StudentTrade/Composer/vendor/slim/slim/Slim/Middleware/PrettyExceptions.php(67): Slim\Middleware\MethodOverride->call()
#8 /home/johan/Git/StudentTrade/StudentTrade/Composer/vendor/slim/slim/Slim/Slim.php(1261): Slim\Middleware\PrettyExceptions->call()
#9 /home/johan/Git/StudentTrade/Public/index.php(86): Slim\Slim->run()
#10 {main}
ERROR - 2013-12-05T06:18:53+00:00 - exception 'ErrorException' with message 'Missing argument 4 for Pagination::setDbQuery(), called in /home/johan/Git/StudentTrade/Public/index.php on line 80 and defined' in /home/johan/Git/StudentTrade/StudentTrade/Class/Pagination.php:55
Stack trace:
#0 /home/johan/Git/StudentTrade/StudentTrade/Class/Pagination.php(55): Slim\Slim::handleErrors(2, 'Missing argumen...', '/home/johan/Git...', 55, Array)
#1 /home/johan/Git/StudentTrade/Public/index.php(80): Pagination->setDbQuery(22, 22, 12)
#2 [internal function]: {closure}('linkoping')
#3 /home/johan/Git/StudentTrade/StudentTrade/Composer/vendor/slim/slim/Slim/Route.php(441): call_user_func_array(Object(Closure), Array)
#4 /home/johan/Git/StudentTrade/StudentTrade/Composer/vendor/slim/slim/Slim/Slim.php(1314): Slim\Route->dispatch()
#5 /home/johan/Git/StudentTrade/StudentTrade/Composer/vendor/slim/slim/Slim/Middleware/Flash.php(85): Slim\Slim->call()
#6 /home/johan/Git/StudentTrade/StudentTrade/Composer/vendor/slim/slim/Slim/Middleware/MethodOverride.php(92): Slim\Middleware\Flash->call()
#7 /home/johan/Git/StudentTrade/StudentTrade/Composer/vendor/slim/slim/Slim/Middleware/PrettyExceptions.php(67): Slim\Middleware\MethodOverride->call()
#8 /home/johan/Git/StudentTrade/StudentTrade/Composer/vendor/slim/slim/Slim/Slim.php(1261): Slim\Middleware\PrettyExceptions->call()
#9 /home/johan/Git/StudentTrade/Public/index.php(91): Slim\Slim->run()
#10 {main}
ERROR - 2013-12-05T06:19:01+00:00 - exception 'ErrorException' with message 'Missing argument 4 for Pagination::setDbQuery(), called in /home/johan/Git/StudentTrade/Public/index.php on line 80 and defined' in /home/johan/Git/StudentTrade/StudentTrade/Class/Pagination.php:55
Stack trace:
#0 /home/johan/Git/StudentTrade/StudentTrade/Class/Pagination.php(55): Slim\Slim::handleErrors(2, 'Missing argumen...', '/home/johan/Git...', 55, Array)
#1 /home/johan/Git/StudentTrade/Public/index.php(80): Pagination->setDbQuery(22, 22, 12)
#2 [internal function]: {closure}('linkoping')
#3 /home/johan/Git/StudentTrade/StudentTrade/Composer/vendor/slim/slim/Slim/Route.php(441): call_user_func_array(Object(Closure), Array)
#4 /home/johan/Git/StudentTrade/StudentTrade/Composer/vendor/slim/slim/Slim/Slim.php(1314): Slim\Route->dispatch()
#5 /home/johan/Git/StudentTrade/StudentTrade/Composer/vendor/slim/slim/Slim/Middleware/Flash.php(85): Slim\Slim->call()
#6 /home/johan/Git/StudentTrade/StudentTrade/Composer/vendor/slim/slim/Slim/Middleware/MethodOverride.php(92): Slim\Middleware\Flash->call()
#7 /home/johan/Git/StudentTrade/StudentTrade/Composer/vendor/slim/slim/Slim/Middleware/PrettyExceptions.php(67): Slim\Middleware\MethodOverride->call()
#8 /home/johan/Git/StudentTrade/StudentTrade/Composer/vendor/slim/slim/Slim/Slim.php(1261): Slim\Middleware\PrettyExceptions->call()
#9 /home/johan/Git/StudentTrade/Public/index.php(91): Slim\Slim->run()
#10 {main}
ERROR - 2013-12-05T06:19:12+00:00 - exception 'ErrorException' with message 'Undefined variable: queryType' in /home/johan/Git/StudentTrade/StudentTrade/Class/Pagination.php:63
Stack trace:
#0 /home/johan/Git/StudentTrade/StudentTrade/Class/Pagination.php(63): Slim\Slim::handleErrors(8, 'Undefined varia...', '/home/johan/Git...', 63, Array)
#1 /home/johan/Git/StudentTrade/Public/index.php(80): Pagination->setDbQuery(22, 22, 12)
#2 [internal function]: {closure}('linkoping')
#3 /home/johan/Git/StudentTrade/StudentTrade/Composer/vendor/slim/slim/Slim/Route.php(441): call_user_func_array(Object(Closure), Array)
#4 /home/johan/Git/StudentTrade/StudentTrade/Composer/vendor/slim/slim/Slim/Slim.php(1314): Slim\Route->dispatch()
#5 /home/johan/Git/StudentTrade/StudentTrade/Composer/vendor/slim/slim/Slim/Middleware/Flash.php(85): Slim\Slim->call()
#6 /home/johan/Git/StudentTrade/StudentTrade/Composer/vendor/slim/slim/Slim/Middleware/MethodOverride.php(92): Slim\Middleware\Flash->call()
#7 /home/johan/Git/StudentTrade/StudentTrade/Composer/vendor/slim/slim/Slim/Middleware/PrettyExceptions.php(67): Slim\Middleware\MethodOverride->call()
#8 /home/johan/Git/StudentTrade/StudentTrade/Composer/vendor/slim/slim/Slim/Slim.php(1261): Slim\Middleware\PrettyExceptions->call()
#9 /home/johan/Git/StudentTrade/Public/index.php(91): Slim\Slim->run()
#10 {main}
ERROR - 2013-12-05T06:27:20+00:00 - exception 'ErrorException' with message 'Undefined variable: ad' in /home/johan/Git/StudentTrade/StudentTrade/Logic/Header.php:57
Stack trace:
#0 /home/johan/Git/StudentTrade/StudentTrade/Logic/Header.php(57): Slim\Slim::handleErrors(8, 'Undefined varia...', '/home/johan/Git...', 57, Array)
#1 /home/johan/Git/StudentTrade/Public/index.php(55): Header->getBreadcrumbs('', '', '')
#2 /home/johan/Git/StudentTrade/Public/index.php(73): setHeader(Object(Slim\Slim), 'linkoping', '', '', '')
#3 [internal function]: {closure}('linkoping', '', '', '', '2')
#4 /home/johan/Git/StudentTrade/StudentTrade/Composer/vendor/slim/slim/Slim/Route.php(441): call_user_func_array(Object(Closure), Array)
#5 /home/johan/Git/StudentTrade/StudentTrade/Composer/vendor/slim/slim/Slim/Slim.php(1314): Slim\Route->dispatch()
#6 /home/johan/Git/StudentTrade/StudentTrade/Composer/vendor/slim/slim/Slim/Middleware/Flash.php(85): Slim\Slim->call()
#7 /home/johan/Git/StudentTrade/StudentTrade/Composer/vendor/slim/slim/Slim/Middleware/MethodOverride.php(92): Slim\Middleware\Flash->call()
#8 /home/johan/Git/StudentTrade/StudentTrade/Composer/vendor/slim/slim/Slim/Middleware/PrettyExceptions.php(67): Slim\Middleware\MethodOverride->call()
#9 /home/johan/Git/StudentTrade/StudentTrade/Composer/vendor/slim/slim/Slim/Slim.php(1261): Slim\Middleware\PrettyExceptions->call()
#10 /home/johan/Git/StudentTrade/Public/index.php(92): Slim\Slim->run()
#11 {main}
ERROR - 2013-12-05T06:27:55+00:00 - exception 'ErrorException' with message 'Undefined variable: ad' in /home/johan/Git/StudentTrade/StudentTrade/Logic/Header.php:57
Stack trace:
#0 /home/johan/Git/StudentTrade/StudentTrade/Logic/Header.php(57): Slim\Slim::handleErrors(8, 'Undefined varia...', '/home/johan/Git...', 57, Array)
#1 /home/johan/Git/StudentTrade/Public/index.php(55): Header->getBreadcrumbs('', '', '')
#2 /home/johan/Git/StudentTrade/Public/index.php(73): setHeader(Object(Slim\Slim), 'linkoping', '', '', '')
#3 [internal function]: {closure}('linkoping', '', '', '', '2')
#4 /home/johan/Git/StudentTrade/StudentTrade/Composer/vendor/slim/slim/Slim/Route.php(441): call_user_func_array(Object(Closure), Array)
#5 /home/johan/Git/StudentTrade/StudentTrade/Composer/vendor/slim/slim/Slim/Slim.php(1314): Slim\Route->dispatch()
#6 /home/johan/Git/StudentTrade/StudentTrade/Composer/vendor/slim/slim/Slim/Middleware/Flash.php(85): Slim\Slim->call()
#7 /home/johan/Git/StudentTrade/StudentTrade/Composer/vendor/slim/slim/Slim/Middleware/MethodOverride.php(92): Slim\Middleware\Flash->call()
#8 /home/johan/Git/StudentTrade/StudentTrade/Composer/vendor/slim/slim/Slim/Middleware/PrettyExceptions.php(67): Slim\Middleware\MethodOverride->call()
#9 /home/johan/Git/StudentTrade/StudentTrade/Composer/vendor/slim/slim/Slim/Slim.php(1261): Slim\Middleware\PrettyExceptions->call()
#10 /home/johan/Git/StudentTrade/Public/index.php(92): Slim\Slim->run()
#11 {main}
