ERROR - 2013-12-03T06:34:03+01:00 - exception 'ErrorException' with message 'Array to string conversion' in /home/johan/Git/StudentTrade/StudentTrade/Composer/vendor/twig/twig/lib/Twig/Environment.php(331) : eval()'d code:23
Stack trace:
#0 /home/johan/Git/StudentTrade/StudentTrade/Composer/vendor/twig/twig/lib/Twig/Environment.php(331) : eval()'d code(23): Slim\Slim::handleErrors(8, 'Array to string...', '/home/johan/Git...', 23, Array)
#1 /home/johan/Git/StudentTrade/StudentTrade/Composer/vendor/twig/twig/lib/Twig/Template.php(276): __TwigTemplate_2c07db41ff1eedf29b7448e711b8b0b4863639050c8790318639b741df57f71a->doDisplay(Array, Array)
#2 /home/johan/Git/StudentTrade/StudentTrade/Composer/vendor/twig/twig/lib/Twig/Template.php(250): Twig_Template->displayWithErrorHandling(Array, Array)
#3 /home/johan/Git/StudentTrade/StudentTrade/Composer/vendor/twig/twig/lib/Twig/Template.php(261): Twig_Template->display(Array)
#4 /home/johan/Git/StudentTrade/StudentTrade/Composer/vendor/slim/views/Slim/Views/Twig.php(88): Twig_Template->render(Array, NULL)
#5 /home/johan/Git/StudentTrade/StudentTrade/Composer/vendor/slim/slim/Slim/View.php(255): Slim\Views\Twig->render('index.tpl', NULL)
#6 /home/johan/Git/StudentTrade/StudentTrade/Composer/vendor/slim/slim/Slim/View.php(243): Slim\View->fetch('index.tpl', NULL)
#7 /home/johan/Git/StudentTrade/StudentTrade/Composer/vendor/slim/slim/Slim/Slim.php(751): Slim\View->display('index.tpl')
#8 /home/johan/Git/StudentTrade/index.php(36): Slim\Slim->render('index.tpl', Array)
#9 [internal function]: {closure}()
#10 /home/johan/Git/StudentTrade/StudentTrade/Composer/vendor/slim/slim/Slim/Route.php(441): call_user_func_array(Object(Closure), Array)
#11 /home/johan/Git/StudentTrade/StudentTrade/Composer/vendor/slim/slim/Slim/Slim.php(1314): Slim\Route->dispatch()
#12 /home/johan/Git/StudentTrade/StudentTrade/Composer/vendor/slim/slim/Slim/Middleware/Flash.php(85): Slim\Slim->call()
#13 /home/johan/Git/StudentTrade/StudentTrade/Composer/vendor/slim/slim/Slim/Middleware/MethodOverride.php(92): Slim\Middleware\Flash->call()
#14 /home/johan/Git/StudentTrade/StudentTrade/Composer/vendor/slim/slim/Slim/Middleware/PrettyExceptions.php(67): Slim\Middleware\MethodOverride->call()
#15 /home/johan/Git/StudentTrade/StudentTrade/Composer/vendor/slim/slim/Slim/Slim.php(1261): Slim\Middleware\PrettyExceptions->call()
#16 /home/johan/Git/StudentTrade/index.php(47): Slim\Slim->run()
#17 {main}

Next exception 'Twig_Error_Runtime' with message 'An exception has been thrown during the rendering of a template ("Array to string conversion") in "index.tpl" at line 2.' in /home/johan/Git/StudentTrade/StudentTrade/Composer/vendor/twig/twig/lib/Twig/Template.php:291
Stack trace:
#0 /home/johan/Git/StudentTrade/StudentTrade/Composer/vendor/twig/twig/lib/Twig/Template.php(250): Twig_Template->displayWithErrorHandling(Array, Array)
#1 /home/johan/Git/StudentTrade/StudentTrade/Composer/vendor/twig/twig/lib/Twig/Template.php(261): Twig_Template->display(Array)
#2 /home/johan/Git/StudentTrade/StudentTrade/Composer/vendor/slim/views/Slim/Views/Twig.php(88): Twig_Template->render(Array, NULL)
#3 /home/johan/Git/StudentTrade/StudentTrade/Composer/vendor/slim/slim/Slim/View.php(255): Slim\Views\Twig->render('index.tpl', NULL)
#4 /home/johan/Git/StudentTrade/StudentTrade/Composer/vendor/slim/slim/Slim/View.php(243): Slim\View->fetch('index.tpl', NULL)
#5 /home/johan/Git/StudentTrade/StudentTrade/Composer/vendor/slim/slim/Slim/Slim.php(751): Slim\View->display('index.tpl')
#6 /home/johan/Git/StudentTrade/index.php(36): Slim\Slim->render('index.tpl', Array)
#7 [internal function]: {closure}()
#8 /home/johan/Git/StudentTrade/StudentTrade/Composer/vendor/slim/slim/Slim/Route.php(441): call_user_func_array(Object(Closure), Array)
#9 /home/johan/Git/StudentTrade/StudentTrade/Composer/vendor/slim/slim/Slim/Slim.php(1314): Slim\Route->dispatch()
#10 /home/johan/Git/StudentTrade/StudentTrade/Composer/vendor/slim/slim/Slim/Middleware/Flash.php(85): Slim\Slim->call()
#11 /home/johan/Git/StudentTrade/StudentTrade/Composer/vendor/slim/slim/Slim/Middleware/MethodOverride.php(92): Slim\Middleware\Flash->call()
#12 /home/johan/Git/StudentTrade/StudentTrade/Composer/vendor/slim/slim/Slim/Middleware/PrettyExceptions.php(67): Slim\Middleware\MethodOverride->call()
#13 /home/johan/Git/StudentTrade/StudentTrade/Composer/vendor/slim/slim/Slim/Slim.php(1261): Slim\Middleware\PrettyExceptions->call()
#14 /home/johan/Git/StudentTrade/index.php(47): Slim\Slim->run()
#15 {main}
ERROR - 2013-12-03T06:37:43+01:00 - exception 'ErrorException' with message 'Array to string conversion' in /home/johan/Git/StudentTrade/StudentTrade/Composer/vendor/twig/twig/lib/Twig/Environment.php(331) : eval()'d code:23
Stack trace:
#0 /home/johan/Git/StudentTrade/StudentTrade/Composer/vendor/twig/twig/lib/Twig/Environment.php(331) : eval()'d code(23): Slim\Slim::handleErrors(8, 'Array to string...', '/home/johan/Git...', 23, Array)
#1 /home/johan/Git/StudentTrade/StudentTrade/Composer/vendor/twig/twig/lib/Twig/Template.php(276): __TwigTemplate_2c07db41ff1eedf29b7448e711b8b0b4863639050c8790318639b741df57f71a->doDisplay(Array, Array)
#2 /home/johan/Git/StudentTrade/StudentTrade/Composer/vendor/twig/twig/lib/Twig/Template.php(250): Twig_Template->displayWithErrorHandling(Array, Array)
#3 /home/johan/Git/StudentTrade/StudentTrade/Composer/vendor/twig/twig/lib/Twig/Template.php(261): Twig_Template->display(Array)
#4 /home/johan/Git/StudentTrade/StudentTrade/Composer/vendor/slim/views/Slim/Views/Twig.php(88): Twig_Template->render(Array, NULL)
#5 /home/johan/Git/StudentTrade/StudentTrade/Composer/vendor/slim/slim/Slim/View.php(255): Slim\Views\Twig->render('index.tpl', NULL)
#6 /home/johan/Git/StudentTrade/StudentTrade/Composer/vendor/slim/slim/Slim/View.php(243): Slim\View->fetch('index.tpl', NULL)
#7 /home/johan/Git/StudentTrade/StudentTrade/Composer/vendor/slim/slim/Slim/Slim.php(751): Slim\View->display('index.tpl')
#8 /home/johan/Git/StudentTrade/index.php(36): Slim\Slim->render('index.tpl', Array)
#9 [internal function]: {closure}()
#10 /home/johan/Git/StudentTrade/StudentTrade/Composer/vendor/slim/slim/Slim/Route.php(441): call_user_func_array(Object(Closure), Array)
#11 /home/johan/Git/StudentTrade/StudentTrade/Composer/vendor/slim/slim/Slim/Slim.php(1314): Slim\Route->dispatch()
#12 /home/johan/Git/StudentTrade/StudentTrade/Composer/vendor/slim/slim/Slim/Middleware/Flash.php(85): Slim\Slim->call()
#13 /home/johan/Git/StudentTrade/StudentTrade/Composer/vendor/slim/slim/Slim/Middleware/MethodOverride.php(92): Slim\Middleware\Flash->call()
#14 /home/johan/Git/StudentTrade/StudentTrade/Composer/vendor/slim/slim/Slim/Middleware/PrettyExceptions.php(67): Slim\Middleware\MethodOverride->call()
#15 /home/johan/Git/StudentTrade/StudentTrade/Composer/vendor/slim/slim/Slim/Slim.php(1261): Slim\Middleware\PrettyExceptions->call()
#16 /home/johan/Git/StudentTrade/index.php(47): Slim\Slim->run()
#17 {main}

Next exception 'Twig_Error_Runtime' with message 'An exception has been thrown during the rendering of a template ("Array to string conversion") in "index.tpl" at line 2.' in /home/johan/Git/StudentTrade/StudentTrade/Composer/vendor/twig/twig/lib/Twig/Template.php:291
Stack trace:
#0 /home/johan/Git/StudentTrade/StudentTrade/Composer/vendor/twig/twig/lib/Twig/Template.php(250): Twig_Template->displayWithErrorHandling(Array, Array)
#1 /home/johan/Git/StudentTrade/StudentTrade/Composer/vendor/twig/twig/lib/Twig/Template.php(261): Twig_Template->display(Array)
#2 /home/johan/Git/StudentTrade/StudentTrade/Composer/vendor/slim/views/Slim/Views/Twig.php(88): Twig_Template->render(Array, NULL)
#3 /home/johan/Git/StudentTrade/StudentTrade/Composer/vendor/slim/slim/Slim/View.php(255): Slim\Views\Twig->render('index.tpl', NULL)
#4 /home/johan/Git/StudentTrade/StudentTrade/Composer/vendor/slim/slim/Slim/View.php(243): Slim\View->fetch('index.tpl', NULL)
#5 /home/johan/Git/StudentTrade/StudentTrade/Composer/vendor/slim/slim/Slim/Slim.php(751): Slim\View->display('index.tpl')
#6 /home/johan/Git/StudentTrade/index.php(36): Slim\Slim->render('index.tpl', Array)
#7 [internal function]: {closure}()
#8 /home/johan/Git/StudentTrade/StudentTrade/Composer/vendor/slim/slim/Slim/Route.php(441): call_user_func_array(Object(Closure), Array)
#9 /home/johan/Git/StudentTrade/StudentTrade/Composer/vendor/slim/slim/Slim/Slim.php(1314): Slim\Route->dispatch()
#10 /home/johan/Git/StudentTrade/StudentTrade/Composer/vendor/slim/slim/Slim/Middleware/Flash.php(85): Slim\Slim->call()
#11 /home/johan/Git/StudentTrade/StudentTrade/Composer/vendor/slim/slim/Slim/Middleware/MethodOverride.php(92): Slim\Middleware\Flash->call()
#12 /home/johan/Git/StudentTrade/StudentTrade/Composer/vendor/slim/slim/Slim/Middleware/PrettyExceptions.php(67): Slim\Middleware\MethodOverride->call()
#13 /home/johan/Git/StudentTrade/StudentTrade/Composer/vendor/slim/slim/Slim/Slim.php(1261): Slim\Middleware\PrettyExceptions->call()
#14 /home/johan/Git/StudentTrade/index.php(47): Slim\Slim->run()
#15 {main}
ERROR - 2013-12-03T07:17:17+01:00 - exception 'ErrorException' with message 'Undefined variable: leftColumn' in /home/johan/Git/StudentTrade/StudentTrade/Templates/index.tpl:88
Stack trace:
#0 /home/johan/Git/StudentTrade/StudentTrade/Templates/index.tpl(88): Slim\Slim::handleErrors(8, 'Undefined varia...', '/home/johan/Git...', 88, Array)
#1 /home/johan/Git/StudentTrade/StudentTrade/Composer/vendor/slim/slim/Slim/View.php(278): require('/home/johan/Git...')
#2 /home/johan/Git/StudentTrade/StudentTrade/Composer/vendor/slim/slim/Slim/View.php(255): Slim\View->render('index.tpl', NULL)
#3 /home/johan/Git/StudentTrade/StudentTrade/Composer/vendor/slim/slim/Slim/View.php(243): Slim\View->fetch('index.tpl', NULL)
#4 /home/johan/Git/StudentTrade/StudentTrade/Composer/vendor/slim/slim/Slim/Slim.php(751): Slim\View->display('index.tpl')
#5 /home/johan/Git/StudentTrade/index.php(36): Slim\Slim->render('index.tpl', Array)
#6 [internal function]: {closure}()
#7 /home/johan/Git/StudentTrade/StudentTrade/Composer/vendor/slim/slim/Slim/Route.php(441): call_user_func_array(Object(Closure), Array)
#8 /home/johan/Git/StudentTrade/StudentTrade/Composer/vendor/slim/slim/Slim/Slim.php(1314): Slim\Route->dispatch()
#9 /home/johan/Git/StudentTrade/StudentTrade/Composer/vendor/slim/slim/Slim/Middleware/Flash.php(85): Slim\Slim->call()
#10 /home/johan/Git/StudentTrade/StudentTrade/Composer/vendor/slim/slim/Slim/Middleware/MethodOverride.php(92): Slim\Middleware\Flash->call()
#11 /home/johan/Git/StudentTrade/StudentTrade/Composer/vendor/slim/slim/Slim/Middleware/PrettyExceptions.php(67): Slim\Middleware\MethodOverride->call()
#12 /home/johan/Git/StudentTrade/StudentTrade/Composer/vendor/slim/slim/Slim/Slim.php(1261): Slim\Middleware\PrettyExceptions->call()
#13 /home/johan/Git/StudentTrade/index.php(48): Slim\Slim->run()
#14 {main}
ERROR - 2013-12-03T07:17:24+01:00 - exception 'ErrorException' with message 'Undefined variable: leftColumn' in /home/johan/Git/StudentTrade/StudentTrade/Templates/index.tpl:88
Stack trace:
#0 /home/johan/Git/StudentTrade/StudentTrade/Templates/index.tpl(88): Slim\Slim::handleErrors(8, 'Undefined varia...', '/home/johan/Git...', 88, Array)
#1 /home/johan/Git/StudentTrade/StudentTrade/Composer/vendor/slim/slim/Slim/View.php(278): require('/home/johan/Git...')
#2 /home/johan/Git/StudentTrade/StudentTrade/Composer/vendor/slim/slim/Slim/View.php(255): Slim\View->render('index.tpl', NULL)
#3 /home/johan/Git/StudentTrade/StudentTrade/Composer/vendor/slim/slim/Slim/View.php(243): Slim\View->fetch('index.tpl', NULL)
#4 /home/johan/Git/StudentTrade/StudentTrade/Composer/vendor/slim/slim/Slim/Slim.php(751): Slim\View->display('index.tpl')
#5 /home/johan/Git/StudentTrade/index.php(36): Slim\Slim->render('index.tpl', Array)
#6 [internal function]: {closure}()
#7 /home/johan/Git/StudentTrade/StudentTrade/Composer/vendor/slim/slim/Slim/Route.php(441): call_user_func_array(Object(Closure), Array)
#8 /home/johan/Git/StudentTrade/StudentTrade/Composer/vendor/slim/slim/Slim/Slim.php(1314): Slim\Route->dispatch()
#9 /home/johan/Git/StudentTrade/StudentTrade/Composer/vendor/slim/slim/Slim/Middleware/Flash.php(85): Slim\Slim->call()
#10 /home/johan/Git/StudentTrade/StudentTrade/Composer/vendor/slim/slim/Slim/Middleware/MethodOverride.php(92): Slim\Middleware\Flash->call()
#11 /home/johan/Git/StudentTrade/StudentTrade/Composer/vendor/slim/slim/Slim/Middleware/PrettyExceptions.php(67): Slim\Middleware\MethodOverride->call()
#12 /home/johan/Git/StudentTrade/StudentTrade/Composer/vendor/slim/slim/Slim/Slim.php(1261): Slim\Middleware\PrettyExceptions->call()
#13 /home/johan/Git/StudentTrade/index.php(48): Slim\Slim->run()
#14 {main}
ERROR - 2013-12-03T07:22:17+01:00 - exception 'ErrorException' with message 'Undefined variable: leftColumn' in /home/johan/Git/StudentTrade/StudentTrade/Templates/index.tpl:88
Stack trace:
#0 /home/johan/Git/StudentTrade/StudentTrade/Templates/index.tpl(88): Slim\Slim::handleErrors(8, 'Undefined varia...', '/home/johan/Git...', 88, Array)
#1 /home/johan/Git/StudentTrade/StudentTrade/Composer/vendor/slim/slim/Slim/View.php(278): require('/home/johan/Git...')
#2 /home/johan/Git/StudentTrade/StudentTrade/Composer/vendor/slim/slim/Slim/View.php(255): Slim\View->render('index.tpl', NULL)
#3 /home/johan/Git/StudentTrade/StudentTrade/Composer/vendor/slim/slim/Slim/View.php(243): Slim\View->fetch('index.tpl', NULL)
#4 /home/johan/Git/StudentTrade/StudentTrade/Composer/vendor/slim/slim/Slim/Slim.php(751): Slim\View->display('index.tpl')
#5 /home/johan/Git/StudentTrade/index.php(40): Slim\Slim->render('index.tpl', Array)
#6 [internal function]: {closure}()
#7 /home/johan/Git/StudentTrade/StudentTrade/Composer/vendor/slim/slim/Slim/Route.php(441): call_user_func_array(Object(Closure), Array)
#8 /home/johan/Git/StudentTrade/StudentTrade/Composer/vendor/slim/slim/Slim/Slim.php(1314): Slim\Route->dispatch()
#9 /home/johan/Git/StudentTrade/StudentTrade/Composer/vendor/slim/slim/Slim/Middleware/Flash.php(85): Slim\Slim->call()
#10 /home/johan/Git/StudentTrade/StudentTrade/Composer/vendor/slim/slim/Slim/Middleware/MethodOverride.php(92): Slim\Middleware\Flash->call()
#11 /home/johan/Git/StudentTrade/StudentTrade/Composer/vendor/slim/slim/Slim/Middleware/PrettyExceptions.php(67): Slim\Middleware\MethodOverride->call()
#12 /home/johan/Git/StudentTrade/StudentTrade/Composer/vendor/slim/slim/Slim/Slim.php(1261): Slim\Middleware\PrettyExceptions->call()
#13 /home/johan/Git/StudentTrade/index.php(52): Slim\Slim->run()
#14 {main}
ERROR - 2013-12-03T09:55:19+00:00 - exception 'ErrorException' with message 'Undefined variable: leftColumn' in /home/johan/Git/StudentTrade/StudentTrade/Templates/index.tpl:88
Stack trace:
#0 /home/johan/Git/StudentTrade/StudentTrade/Templates/index.tpl(88): Slim\Slim::handleErrors(8, 'Undefined varia...', '/home/johan/Git...', 88, Array)
#1 /home/johan/Git/StudentTrade/StudentTrade/Composer/vendor/slim/slim/Slim/View.php(278): require('/home/johan/Git...')
#2 /home/johan/Git/StudentTrade/StudentTrade/Composer/vendor/slim/slim/Slim/View.php(255): Slim\View->render('index.tpl', NULL)
#3 /home/johan/Git/StudentTrade/StudentTrade/Composer/vendor/slim/slim/Slim/View.php(243): Slim\View->fetch('index.tpl', NULL)
#4 /home/johan/Git/StudentTrade/StudentTrade/Composer/vendor/slim/slim/Slim/Slim.php(751): Slim\View->display('index.tpl')
#5 /home/johan/Git/StudentTrade/index.php(39): Slim\Slim->render('index.tpl', Array)
#6 [internal function]: {closure}()
#7 /home/johan/Git/StudentTrade/StudentTrade/Composer/vendor/slim/slim/Slim/Route.php(441): call_user_func_array(Object(Closure), Array)
#8 /home/johan/Git/StudentTrade/StudentTrade/Composer/vendor/slim/slim/Slim/Slim.php(1314): Slim\Route->dispatch()
#9 /home/johan/Git/StudentTrade/StudentTrade/Composer/vendor/slim/slim/Slim/Middleware/Flash.php(85): Slim\Slim->call()
#10 /home/johan/Git/StudentTrade/StudentTrade/Composer/vendor/slim/slim/Slim/Middleware/MethodOverride.php(92): Slim\Middleware\Flash->call()
#11 /home/johan/Git/StudentTrade/StudentTrade/Composer/vendor/slim/slim/Slim/Middleware/PrettyExceptions.php(67): Slim\Middleware\MethodOverride->call()
#12 /home/johan/Git/StudentTrade/StudentTrade/Composer/vendor/slim/slim/Slim/Slim.php(1261): Slim\Middleware\PrettyExceptions->call()
#13 /home/johan/Git/StudentTrade/index.php(50): Slim\Slim->run()
#14 {main}
ERROR - 2013-12-03T11:19:47+01:00 - exception 'ErrorException' with message 'Undefined variable: cities' in /home/johan/Git/StudentTrade/index.php:31
Stack trace:
#0 /home/johan/Git/StudentTrade/index.php(31): Slim\Slim::handleErrors(8, 'Undefined varia...', '/home/johan/Git...', 31, Array)
#1 [internal function]: {closure}()
#2 /home/johan/Git/StudentTrade/StudentTrade/Composer/vendor/slim/slim/Slim/Route.php(441): call_user_func_array(Object(Closure), Array)
#3 /home/johan/Git/StudentTrade/StudentTrade/Composer/vendor/slim/slim/Slim/Slim.php(1314): Slim\Route->dispatch()
#4 /home/johan/Git/StudentTrade/StudentTrade/Composer/vendor/slim/slim/Slim/Middleware/Flash.php(85): Slim\Slim->call()
#5 /home/johan/Git/StudentTrade/StudentTrade/Composer/vendor/slim/slim/Slim/Middleware/MethodOverride.php(92): Slim\Middleware\Flash->call()
#6 /home/johan/Git/StudentTrade/StudentTrade/Composer/vendor/slim/slim/Slim/Middleware/PrettyExceptions.php(67): Slim\Middleware\MethodOverride->call()
#7 /home/johan/Git/StudentTrade/StudentTrade/Composer/vendor/slim/slim/Slim/Slim.php(1261): Slim\Middleware\PrettyExceptions->call()
#8 /home/johan/Git/StudentTrade/index.php(43): Slim\Slim->run()
#9 {main}
ERROR - 2013-12-03T11:19:54+01:00 - exception 'ErrorException' with message 'Undefined variable: cities' in /home/johan/Git/StudentTrade/index.php:31
Stack trace:
#0 /home/johan/Git/StudentTrade/index.php(31): Slim\Slim::handleErrors(8, 'Undefined varia...', '/home/johan/Git...', 31, Array)
#1 [internal function]: {closure}()
#2 /home/johan/Git/StudentTrade/StudentTrade/Composer/vendor/slim/slim/Slim/Route.php(441): call_user_func_array(Object(Closure), Array)
#3 /home/johan/Git/StudentTrade/StudentTrade/Composer/vendor/slim/slim/Slim/Slim.php(1314): Slim\Route->dispatch()
#4 /home/johan/Git/StudentTrade/StudentTrade/Composer/vendor/slim/slim/Slim/Middleware/Flash.php(85): Slim\Slim->call()
#5 /home/johan/Git/StudentTrade/StudentTrade/Composer/vendor/slim/slim/Slim/Middleware/MethodOverride.php(92): Slim\Middleware\Flash->call()
#6 /home/johan/Git/StudentTrade/StudentTrade/Composer/vendor/slim/slim/Slim/Middleware/PrettyExceptions.php(67): Slim\Middleware\MethodOverride->call()
#7 /home/johan/Git/StudentTrade/StudentTrade/Composer/vendor/slim/slim/Slim/Slim.php(1261): Slim\Middleware\PrettyExceptions->call()
#8 /home/johan/Git/StudentTrade/index.php(43): Slim\Slim->run()
#9 {main}
ERROR - 2013-12-03T11:19:55+01:00 - exception 'ErrorException' with message 'Undefined variable: cities' in /home/johan/Git/StudentTrade/index.php:31
Stack trace:
#0 /home/johan/Git/StudentTrade/index.php(31): Slim\Slim::handleErrors(8, 'Undefined varia...', '/home/johan/Git...', 31, Array)
#1 [internal function]: {closure}()
#2 /home/johan/Git/StudentTrade/StudentTrade/Composer/vendor/slim/slim/Slim/Route.php(441): call_user_func_array(Object(Closure), Array)
#3 /home/johan/Git/StudentTrade/StudentTrade/Composer/vendor/slim/slim/Slim/Slim.php(1314): Slim\Route->dispatch()
#4 /home/johan/Git/StudentTrade/StudentTrade/Composer/vendor/slim/slim/Slim/Middleware/Flash.php(85): Slim\Slim->call()
#5 /home/johan/Git/StudentTrade/StudentTrade/Composer/vendor/slim/slim/Slim/Middleware/MethodOverride.php(92): Slim\Middleware\Flash->call()
#6 /home/johan/Git/StudentTrade/StudentTrade/Composer/vendor/slim/slim/Slim/Middleware/PrettyExceptions.php(67): Slim\Middleware\MethodOverride->call()
#7 /home/johan/Git/StudentTrade/StudentTrade/Composer/vendor/slim/slim/Slim/Slim.php(1261): Slim\Middleware\PrettyExceptions->call()
#8 /home/johan/Git/StudentTrade/index.php(43): Slim\Slim->run()
#9 {main}
ERROR - 2013-12-03T11:20:03+01:00 - exception 'ErrorException' with message 'Undefined variable: cities' in /home/johan/Git/StudentTrade/index.php:31
Stack trace:
#0 /home/johan/Git/StudentTrade/index.php(31): Slim\Slim::handleErrors(8, 'Undefined varia...', '/home/johan/Git...', 31, Array)
#1 [internal function]: {closure}()
#2 /home/johan/Git/StudentTrade/StudentTrade/Composer/vendor/slim/slim/Slim/Route.php(441): call_user_func_array(Object(Closure), Array)
#3 /home/johan/Git/StudentTrade/StudentTrade/Composer/vendor/slim/slim/Slim/Slim.php(1314): Slim\Route->dispatch()
#4 /home/johan/Git/StudentTrade/StudentTrade/Composer/vendor/slim/slim/Slim/Middleware/Flash.php(85): Slim\Slim->call()
#5 /home/johan/Git/StudentTrade/StudentTrade/Composer/vendor/slim/slim/Slim/Middleware/MethodOverride.php(92): Slim\Middleware\Flash->call()
#6 /home/johan/Git/StudentTrade/StudentTrade/Composer/vendor/slim/slim/Slim/Middleware/PrettyExceptions.php(67): Slim\Middleware\MethodOverride->call()
#7 /home/johan/Git/StudentTrade/StudentTrade/Composer/vendor/slim/slim/Slim/Slim.php(1261): Slim\Middleware\PrettyExceptions->call()
#8 /home/johan/Git/StudentTrade/index.php(43): Slim\Slim->run()
#9 {main}
ERROR - 2013-12-03T11:20:40+01:00 - exception 'ErrorException' with message 'Missing argument 1 for {closure}()' in /home/johan/Git/StudentTrade/index.php:34
Stack trace:
#0 /home/johan/Git/StudentTrade/index.php(34): Slim\Slim::handleErrors(2, 'Missing argumen...', '/home/johan/Git...', 34, Array)
#1 [internal function]: {closure}()
#2 /home/johan/Git/StudentTrade/StudentTrade/Composer/vendor/slim/slim/Slim/Route.php(441): call_user_func_array(Object(Closure), Array)
#3 /home/johan/Git/StudentTrade/StudentTrade/Composer/vendor/slim/slim/Slim/Slim.php(1314): Slim\Route->dispatch()
#4 /home/johan/Git/StudentTrade/StudentTrade/Composer/vendor/slim/slim/Slim/Middleware/Flash.php(85): Slim\Slim->call()
#5 /home/johan/Git/StudentTrade/StudentTrade/Composer/vendor/slim/slim/Slim/Middleware/MethodOverride.php(92): Slim\Middleware\Flash->call()
#6 /home/johan/Git/StudentTrade/StudentTrade/Composer/vendor/slim/slim/Slim/Middleware/PrettyExceptions.php(67): Slim\Middleware\MethodOverride->call()
#7 /home/johan/Git/StudentTrade/StudentTrade/Composer/vendor/slim/slim/Slim/Slim.php(1261): Slim\Middleware\PrettyExceptions->call()
#8 /home/johan/Git/StudentTrade/index.php(44): Slim\Slim->run()
#9 {main}
ERROR - 2013-12-03T11:20:53+01:00 - exception 'ErrorException' with message 'Missing argument 1 for {closure}()' in /home/johan/Git/StudentTrade/index.php:34
Stack trace:
#0 /home/johan/Git/StudentTrade/index.php(34): Slim\Slim::handleErrors(2, 'Missing argumen...', '/home/johan/Git...', 34, Array)
#1 [internal function]: {closure}()
#2 /home/johan/Git/StudentTrade/StudentTrade/Composer/vendor/slim/slim/Slim/Route.php(441): call_user_func_array(Object(Closure), Array)
#3 /home/johan/Git/StudentTrade/StudentTrade/Composer/vendor/slim/slim/Slim/Slim.php(1314): Slim\Route->dispatch()
#4 /home/johan/Git/StudentTrade/StudentTrade/Composer/vendor/slim/slim/Slim/Middleware/Flash.php(85): Slim\Slim->call()
#5 /home/johan/Git/StudentTrade/StudentTrade/Composer/vendor/slim/slim/Slim/Middleware/MethodOverride.php(92): Slim\Middleware\Flash->call()
#6 /home/johan/Git/StudentTrade/StudentTrade/Composer/vendor/slim/slim/Slim/Middleware/PrettyExceptions.php(67): Slim\Middleware\MethodOverride->call()
#7 /home/johan/Git/StudentTrade/StudentTrade/Composer/vendor/slim/slim/Slim/Slim.php(1261): Slim\Middleware\PrettyExceptions->call()
#8 /home/johan/Git/StudentTrade/index.php(44): Slim\Slim->run()
#9 {main}
ERROR - 2013-12-03T11:31:54+01:00 - exception 'Twig_Error_Syntax' with message 'A template that extends another one cannot have a body in "front.tpl" at line 2.' in /home/johan/Git/StudentTrade/StudentTrade/Composer/vendor/twig/twig/lib/Twig/Parser.php:370
Stack trace:
#0 /home/johan/Git/StudentTrade/StudentTrade/Composer/vendor/twig/twig/lib/Twig/Parser.php(98): Twig_Parser->filterBodyNodes(Object(Twig_Node_Text))
#1 /home/johan/Git/StudentTrade/StudentTrade/Composer/vendor/twig/twig/lib/Twig/Environment.php(507): Twig_Parser->parse(Object(Twig_TokenStream))
#2 /home/johan/Git/StudentTrade/StudentTrade/Composer/vendor/twig/twig/lib/Twig/Environment.php(559): Twig_Environment->parse(Object(Twig_TokenStream))
#3 /home/johan/Git/StudentTrade/StudentTrade/Composer/vendor/twig/twig/lib/Twig/Environment.php(331): Twig_Environment->compileSource('{% extends 'lay...', 'front.tpl')
#4 /home/johan/Git/StudentTrade/StudentTrade/Composer/vendor/slim/views/Slim/Views/Twig.php(86): Twig_Environment->loadTemplate('front.tpl')
#5 /home/johan/Git/StudentTrade/StudentTrade/Composer/vendor/slim/slim/Slim/View.php(255): Slim\Views\Twig->render('front.tpl', NULL)
#6 /home/johan/Git/StudentTrade/StudentTrade/Composer/vendor/slim/slim/Slim/View.php(243): Slim\View->fetch('front.tpl', NULL)
#7 /home/johan/Git/StudentTrade/StudentTrade/Composer/vendor/slim/slim/Slim/Slim.php(751): Slim\View->display('front.tpl')
#8 /home/johan/Git/StudentTrade/index.php(35): Slim\Slim->render('front.tpl', Array)
#9 [internal function]: {closure}('hej')
#10 /home/johan/Git/StudentTrade/StudentTrade/Composer/vendor/slim/slim/Slim/Route.php(441): call_user_func_array(Object(Closure), Array)
#11 /home/johan/Git/StudentTrade/StudentTrade/Composer/vendor/slim/slim/Slim/Slim.php(1314): Slim\Route->dispatch()
#12 /home/johan/Git/StudentTrade/StudentTrade/Composer/vendor/slim/slim/Slim/Middleware/Flash.php(85): Slim\Slim->call()
#13 /home/johan/Git/StudentTrade/StudentTrade/Composer/vendor/slim/slim/Slim/Middleware/MethodOverride.php(92): Slim\Middleware\Flash->call()
#14 /home/johan/Git/StudentTrade/StudentTrade/Composer/vendor/slim/slim/Slim/Middleware/PrettyExceptions.php(67): Slim\Middleware\MethodOverride->call()
#15 /home/johan/Git/StudentTrade/StudentTrade/Composer/vendor/slim/slim/Slim/Slim.php(1261): Slim\Middleware\PrettyExceptions->call()
#16 /home/johan/Git/StudentTrade/index.php(43): Slim\Slim->run()
#17 {main}
ERROR - 2013-12-03T11:39:18+01:00 - exception 'Twig_Error_Syntax' with message 'A template that extends another one cannot have a body in "front.tpl" at line 2.' in /home/johan/Git/StudentTrade/StudentTrade/Composer/vendor/twig/twig/lib/Twig/Parser.php:370
Stack trace:
#0 /home/johan/Git/StudentTrade/StudentTrade/Composer/vendor/twig/twig/lib/Twig/Parser.php(98): Twig_Parser->filterBodyNodes(Object(Twig_Node_Text))
#1 /home/johan/Git/StudentTrade/StudentTrade/Composer/vendor/twig/twig/lib/Twig/Environment.php(507): Twig_Parser->parse(Object(Twig_TokenStream))
#2 /home/johan/Git/StudentTrade/StudentTrade/Composer/vendor/twig/twig/lib/Twig/Environment.php(559): Twig_Environment->parse(Object(Twig_TokenStream))
#3 /home/johan/Git/StudentTrade/StudentTrade/Composer/vendor/twig/twig/lib/Twig/Environment.php(331): Twig_Environment->compileSource('{% extends 'lay...', 'front.tpl')
#4 /home/johan/Git/StudentTrade/StudentTrade/Composer/vendor/slim/views/Slim/Views/Twig.php(86): Twig_Environment->loadTemplate('front.tpl')
#5 /home/johan/Git/StudentTrade/StudentTrade/Composer/vendor/slim/slim/Slim/View.php(255): Slim\Views\Twig->render('front.tpl', NULL)
#6 /home/johan/Git/StudentTrade/StudentTrade/Composer/vendor/slim/slim/Slim/View.php(243): Slim\View->fetch('front.tpl', NULL)
#7 /home/johan/Git/StudentTrade/StudentTrade/Composer/vendor/slim/slim/Slim/Slim.php(751): Slim\View->display('front.tpl')
#8 /home/johan/Git/StudentTrade/index.php(35): Slim\Slim->render('front.tpl', Array)
#9 [internal function]: {closure}('hej')
#10 /home/johan/Git/StudentTrade/StudentTrade/Composer/vendor/slim/slim/Slim/Route.php(441): call_user_func_array(Object(Closure), Array)
#11 /home/johan/Git/StudentTrade/StudentTrade/Composer/vendor/slim/slim/Slim/Slim.php(1314): Slim\Route->dispatch()
#12 /home/johan/Git/StudentTrade/StudentTrade/Composer/vendor/slim/slim/Slim/Middleware/Flash.php(85): Slim\Slim->call()
#13 /home/johan/Git/StudentTrade/StudentTrade/Composer/vendor/slim/slim/Slim/Middleware/MethodOverride.php(92): Slim\Middleware\Flash->call()
#14 /home/johan/Git/StudentTrade/StudentTrade/Composer/vendor/slim/slim/Slim/Middleware/PrettyExceptions.php(67): Slim\Middleware\MethodOverride->call()
#15 /home/johan/Git/StudentTrade/StudentTrade/Composer/vendor/slim/slim/Slim/Slim.php(1261): Slim\Middleware\PrettyExceptions->call()
#16 /home/johan/Git/StudentTrade/index.php(43): Slim\Slim->run()
#17 {main}
ERROR - 2013-12-03T11:39:19+01:00 - exception 'Twig_Error_Syntax' with message 'A template that extends another one cannot have a body in "front.tpl" at line 2.' in /home/johan/Git/StudentTrade/StudentTrade/Composer/vendor/twig/twig/lib/Twig/Parser.php:370
Stack trace:
#0 /home/johan/Git/StudentTrade/StudentTrade/Composer/vendor/twig/twig/lib/Twig/Parser.php(98): Twig_Parser->filterBodyNodes(Object(Twig_Node_Text))
#1 /home/johan/Git/StudentTrade/StudentTrade/Composer/vendor/twig/twig/lib/Twig/Environment.php(507): Twig_Parser->parse(Object(Twig_TokenStream))
#2 /home/johan/Git/StudentTrade/StudentTrade/Composer/vendor/twig/twig/lib/Twig/Environment.php(559): Twig_Environment->parse(Object(Twig_TokenStream))
#3 /home/johan/Git/StudentTrade/StudentTrade/Composer/vendor/twig/twig/lib/Twig/Environment.php(331): Twig_Environment->compileSource('{% extends 'lay...', 'front.tpl')
#4 /home/johan/Git/StudentTrade/StudentTrade/Composer/vendor/slim/views/Slim/Views/Twig.php(86): Twig_Environment->loadTemplate('front.tpl')
#5 /home/johan/Git/StudentTrade/StudentTrade/Composer/vendor/slim/slim/Slim/View.php(255): Slim\Views\Twig->render('front.tpl', NULL)
#6 /home/johan/Git/StudentTrade/StudentTrade/Composer/vendor/slim/slim/Slim/View.php(243): Slim\View->fetch('front.tpl', NULL)
#7 /home/johan/Git/StudentTrade/StudentTrade/Composer/vendor/slim/slim/Slim/Slim.php(751): Slim\View->display('front.tpl')
#8 /home/johan/Git/StudentTrade/index.php(35): Slim\Slim->render('front.tpl', Array)
#9 [internal function]: {closure}('hej')
#10 /home/johan/Git/StudentTrade/StudentTrade/Composer/vendor/slim/slim/Slim/Route.php(441): call_user_func_array(Object(Closure), Array)
#11 /home/johan/Git/StudentTrade/StudentTrade/Composer/vendor/slim/slim/Slim/Slim.php(1314): Slim\Route->dispatch()
#12 /home/johan/Git/StudentTrade/StudentTrade/Composer/vendor/slim/slim/Slim/Middleware/Flash.php(85): Slim\Slim->call()
#13 /home/johan/Git/StudentTrade/StudentTrade/Composer/vendor/slim/slim/Slim/Middleware/MethodOverride.php(92): Slim\Middleware\Flash->call()
#14 /home/johan/Git/StudentTrade/StudentTrade/Composer/vendor/slim/slim/Slim/Middleware/PrettyExceptions.php(67): Slim\Middleware\MethodOverride->call()
#15 /home/johan/Git/StudentTrade/StudentTrade/Composer/vendor/slim/slim/Slim/Slim.php(1261): Slim\Middleware\PrettyExceptions->call()
#16 /home/johan/Git/StudentTrade/index.php(43): Slim\Slim->run()
#17 {main}
ERROR - 2013-12-03T11:39:35+01:00 - exception 'Twig_Error_Syntax' with message 'A template that extends another one cannot have a body in "front.tpl" at line 2.' in /home/johan/Git/StudentTrade/StudentTrade/Composer/vendor/twig/twig/lib/Twig/Parser.php:370
Stack trace:
#0 /home/johan/Git/StudentTrade/StudentTrade/Composer/vendor/twig/twig/lib/Twig/Parser.php(98): Twig_Parser->filterBodyNodes(Object(Twig_Node_Text))
#1 /home/johan/Git/StudentTrade/StudentTrade/Composer/vendor/twig/twig/lib/Twig/Environment.php(507): Twig_Parser->parse(Object(Twig_TokenStream))
#2 /home/johan/Git/StudentTrade/StudentTrade/Composer/vendor/twig/twig/lib/Twig/Environment.php(559): Twig_Environment->parse(Object(Twig_TokenStream))
#3 /home/johan/Git/StudentTrade/StudentTrade/Composer/vendor/twig/twig/lib/Twig/Environment.php(331): Twig_Environment->compileSource('{% extends 'lay...', 'front.tpl')
#4 /home/johan/Git/StudentTrade/StudentTrade/Composer/vendor/slim/views/Slim/Views/Twig.php(86): Twig_Environment->loadTemplate('front.tpl')
#5 /home/johan/Git/StudentTrade/StudentTrade/Composer/vendor/slim/slim/Slim/View.php(255): Slim\Views\Twig->render('front.tpl', NULL)
#6 /home/johan/Git/StudentTrade/StudentTrade/Composer/vendor/slim/slim/Slim/View.php(243): Slim\View->fetch('front.tpl', NULL)
#7 /home/johan/Git/StudentTrade/StudentTrade/Composer/vendor/slim/slim/Slim/Slim.php(751): Slim\View->display('front.tpl')
#8 /home/johan/Git/StudentTrade/index.php(35): Slim\Slim->render('front.tpl', Array)
#9 [internal function]: {closure}('hej')
#10 /home/johan/Git/StudentTrade/StudentTrade/Composer/vendor/slim/slim/Slim/Route.php(441): call_user_func_array(Object(Closure), Array)
#11 /home/johan/Git/StudentTrade/StudentTrade/Composer/vendor/slim/slim/Slim/Slim.php(1314): Slim\Route->dispatch()
#12 /home/johan/Git/StudentTrade/StudentTrade/Composer/vendor/slim/slim/Slim/Middleware/Flash.php(85): Slim\Slim->call()
#13 /home/johan/Git/StudentTrade/StudentTrade/Composer/vendor/slim/slim/Slim/Middleware/MethodOverride.php(92): Slim\Middleware\Flash->call()
#14 /home/johan/Git/StudentTrade/StudentTrade/Composer/vendor/slim/slim/Slim/Middleware/PrettyExceptions.php(67): Slim\Middleware\MethodOverride->call()
#15 /home/johan/Git/StudentTrade/StudentTrade/Composer/vendor/slim/slim/Slim/Slim.php(1261): Slim\Middleware\PrettyExceptions->call()
#16 /home/johan/Git/StudentTrade/index.php(43): Slim\Slim->run()
#17 {main}
ERROR - 2013-12-03T11:39:41+01:00 - exception 'Twig_Error_Syntax' with message 'A template that extends another one cannot have a body in "front.tpl" at line 2.' in /home/johan/Git/StudentTrade/StudentTrade/Composer/vendor/twig/twig/lib/Twig/Parser.php:370
Stack trace:
#0 /home/johan/Git/StudentTrade/StudentTrade/Composer/vendor/twig/twig/lib/Twig/Parser.php(98): Twig_Parser->filterBodyNodes(Object(Twig_Node_Text))
#1 /home/johan/Git/StudentTrade/StudentTrade/Composer/vendor/twig/twig/lib/Twig/Environment.php(507): Twig_Parser->parse(Object(Twig_TokenStream))
#2 /home/johan/Git/StudentTrade/StudentTrade/Composer/vendor/twig/twig/lib/Twig/Environment.php(559): Twig_Environment->parse(Object(Twig_TokenStream))
#3 /home/johan/Git/StudentTrade/StudentTrade/Composer/vendor/twig/twig/lib/Twig/Environment.php(331): Twig_Environment->compileSource('{% extends 'lay...', 'front.tpl')
#4 /home/johan/Git/StudentTrade/StudentTrade/Composer/vendor/slim/views/Slim/Views/Twig.php(86): Twig_Environment->loadTemplate('front.tpl')
#5 /home/johan/Git/StudentTrade/StudentTrade/Composer/vendor/slim/slim/Slim/View.php(255): Slim\Views\Twig->render('front.tpl', NULL)
#6 /home/johan/Git/StudentTrade/StudentTrade/Composer/vendor/slim/slim/Slim/View.php(243): Slim\View->fetch('front.tpl', NULL)
#7 /home/johan/Git/StudentTrade/StudentTrade/Composer/vendor/slim/slim/Slim/Slim.php(751): Slim\View->display('front.tpl')
#8 /home/johan/Git/StudentTrade/index.php(35): Slim\Slim->render('front.tpl', Array)
#9 [internal function]: {closure}('hej')
#10 /home/johan/Git/StudentTrade/StudentTrade/Composer/vendor/slim/slim/Slim/Route.php(441): call_user_func_array(Object(Closure), Array)
#11 /home/johan/Git/StudentTrade/StudentTrade/Composer/vendor/slim/slim/Slim/Slim.php(1314): Slim\Route->dispatch()
#12 /home/johan/Git/StudentTrade/StudentTrade/Composer/vendor/slim/slim/Slim/Middleware/Flash.php(85): Slim\Slim->call()
#13 /home/johan/Git/StudentTrade/StudentTrade/Composer/vendor/slim/slim/Slim/Middleware/MethodOverride.php(92): Slim\Middleware\Flash->call()
#14 /home/johan/Git/StudentTrade/StudentTrade/Composer/vendor/slim/slim/Slim/Middleware/PrettyExceptions.php(67): Slim\Middleware\MethodOverride->call()
#15 /home/johan/Git/StudentTrade/StudentTrade/Composer/vendor/slim/slim/Slim/Slim.php(1261): Slim\Middleware\PrettyExceptions->call()
#16 /home/johan/Git/StudentTrade/index.php(43): Slim\Slim->run()
#17 {main}
ERROR - 2013-12-03T11:39:44+01:00 - exception 'Twig_Error_Syntax' with message 'A template that extends another one cannot have a body in "front.tpl" at line 2.' in /home/johan/Git/StudentTrade/StudentTrade/Composer/vendor/twig/twig/lib/Twig/Parser.php:370
Stack trace:
#0 /home/johan/Git/StudentTrade/StudentTrade/Composer/vendor/twig/twig/lib/Twig/Parser.php(98): Twig_Parser->filterBodyNodes(Object(Twig_Node_Text))
#1 /home/johan/Git/StudentTrade/StudentTrade/Composer/vendor/twig/twig/lib/Twig/Environment.php(507): Twig_Parser->parse(Object(Twig_TokenStream))
#2 /home/johan/Git/StudentTrade/StudentTrade/Composer/vendor/twig/twig/lib/Twig/Environment.php(559): Twig_Environment->parse(Object(Twig_TokenStream))
#3 /home/johan/Git/StudentTrade/StudentTrade/Composer/vendor/twig/twig/lib/Twig/Environment.php(331): Twig_Environment->compileSource('{% extends 'lay...', 'front.tpl')
#4 /home/johan/Git/StudentTrade/StudentTrade/Composer/vendor/slim/views/Slim/Views/Twig.php(86): Twig_Environment->loadTemplate('front.tpl')
#5 /home/johan/Git/StudentTrade/StudentTrade/Composer/vendor/slim/slim/Slim/View.php(255): Slim\Views\Twig->render('front.tpl', NULL)
#6 /home/johan/Git/StudentTrade/StudentTrade/Composer/vendor/slim/slim/Slim/View.php(243): Slim\View->fetch('front.tpl', NULL)
#7 /home/johan/Git/StudentTrade/StudentTrade/Composer/vendor/slim/slim/Slim/Slim.php(751): Slim\View->display('front.tpl')
#8 /home/johan/Git/StudentTrade/index.php(35): Slim\Slim->render('front.tpl', Array)
#9 [internal function]: {closure}('hej')
#10 /home/johan/Git/StudentTrade/StudentTrade/Composer/vendor/slim/slim/Slim/Route.php(441): call_user_func_array(Object(Closure), Array)
#11 /home/johan/Git/StudentTrade/StudentTrade/Composer/vendor/slim/slim/Slim/Slim.php(1314): Slim\Route->dispatch()
#12 /home/johan/Git/StudentTrade/StudentTrade/Composer/vendor/slim/slim/Slim/Middleware/Flash.php(85): Slim\Slim->call()
#13 /home/johan/Git/StudentTrade/StudentTrade/Composer/vendor/slim/slim/Slim/Middleware/MethodOverride.php(92): Slim\Middleware\Flash->call()
#14 /home/johan/Git/StudentTrade/StudentTrade/Composer/vendor/slim/slim/Slim/Middleware/PrettyExceptions.php(67): Slim\Middleware\MethodOverride->call()
#15 /home/johan/Git/StudentTrade/StudentTrade/Composer/vendor/slim/slim/Slim/Slim.php(1261): Slim\Middleware\PrettyExceptions->call()
#16 /home/johan/Git/StudentTrade/index.php(43): Slim\Slim->run()
#17 {main}
ERROR - 2013-12-03T11:39:48+01:00 - exception 'Twig_Error_Syntax' with message 'A template that extends another one cannot have a body in "front.tpl" at line 2.' in /home/johan/Git/StudentTrade/StudentTrade/Composer/vendor/twig/twig/lib/Twig/Parser.php:370
Stack trace:
#0 /home/johan/Git/StudentTrade/StudentTrade/Composer/vendor/twig/twig/lib/Twig/Parser.php(98): Twig_Parser->filterBodyNodes(Object(Twig_Node_Text))
#1 /home/johan/Git/StudentTrade/StudentTrade/Composer/vendor/twig/twig/lib/Twig/Environment.php(507): Twig_Parser->parse(Object(Twig_TokenStream))
#2 /home/johan/Git/StudentTrade/StudentTrade/Composer/vendor/twig/twig/lib/Twig/Environment.php(559): Twig_Environment->parse(Object(Twig_TokenStream))
#3 /home/johan/Git/StudentTrade/StudentTrade/Composer/vendor/twig/twig/lib/Twig/Environment.php(331): Twig_Environment->compileSource('{% extends 'lay...', 'front.tpl')
#4 /home/johan/Git/StudentTrade/StudentTrade/Composer/vendor/slim/views/Slim/Views/Twig.php(86): Twig_Environment->loadTemplate('front.tpl')
#5 /home/johan/Git/StudentTrade/StudentTrade/Composer/vendor/slim/slim/Slim/View.php(255): Slim\Views\Twig->render('front.tpl', NULL)
#6 /home/johan/Git/StudentTrade/StudentTrade/Composer/vendor/slim/slim/Slim/View.php(243): Slim\View->fetch('front.tpl', NULL)
#7 /home/johan/Git/StudentTrade/StudentTrade/Composer/vendor/slim/slim/Slim/Slim.php(751): Slim\View->display('front.tpl')
#8 /home/johan/Git/StudentTrade/index.php(35): Slim\Slim->render('front.tpl', Array)
#9 [internal function]: {closure}('hej')
#10 /home/johan/Git/StudentTrade/StudentTrade/Composer/vendor/slim/slim/Slim/Route.php(441): call_user_func_array(Object(Closure), Array)
#11 /home/johan/Git/StudentTrade/StudentTrade/Composer/vendor/slim/slim/Slim/Slim.php(1314): Slim\Route->dispatch()
#12 /home/johan/Git/StudentTrade/StudentTrade/Composer/vendor/slim/slim/Slim/Middleware/Flash.php(85): Slim\Slim->call()
#13 /home/johan/Git/StudentTrade/StudentTrade/Composer/vendor/slim/slim/Slim/Middleware/MethodOverride.php(92): Slim\Middleware\Flash->call()
#14 /home/johan/Git/StudentTrade/StudentTrade/Composer/vendor/slim/slim/Slim/Middleware/PrettyExceptions.php(67): Slim\Middleware\MethodOverride->call()
#15 /home/johan/Git/StudentTrade/StudentTrade/Composer/vendor/slim/slim/Slim/Slim.php(1261): Slim\Middleware\PrettyExceptions->call()
#16 /home/johan/Git/StudentTrade/index.php(43): Slim\Slim->run()
#17 {main}
ERROR - 2013-12-03T10:55:28+00:00 - exception 'Twig_Error_Syntax' with message 'Calling "parent" on a template that does not extend nor "use" another template is forbidden in "layout.tpl" at line 4' in /home/johan/Git/StudentTrade/StudentTrade/Composer/vendor/twig/twig/lib/Twig/ExpressionParser.php:309
Stack trace:
#0 /home/johan/Git/StudentTrade/StudentTrade/Composer/vendor/twig/twig/lib/Twig/ExpressionParser.php(144): Twig_ExpressionParser->getFunctionNode('parent', 4)
#1 /home/johan/Git/StudentTrade/StudentTrade/Composer/vendor/twig/twig/lib/Twig/ExpressionParser.php(84): Twig_ExpressionParser->parsePrimaryExpression()
#2 /home/johan/Git/StudentTrade/StudentTrade/Composer/vendor/twig/twig/lib/Twig/ExpressionParser.php(41): Twig_ExpressionParser->getPrimary()
#3 /home/johan/Git/StudentTrade/StudentTrade/Composer/vendor/twig/twig/lib/Twig/Parser.php(141): Twig_ExpressionParser->parseExpression()
#4 /home/johan/Git/StudentTrade/StudentTrade/Composer/vendor/twig/twig/lib/Twig/TokenParser/Block.php(45): Twig_Parser->subparse(Array, true)
#5 /home/johan/Git/StudentTrade/StudentTrade/Composer/vendor/twig/twig/lib/Twig/Parser.php(187): Twig_TokenParser_Block->parse(Object(Twig_Token))
#6 /home/johan/Git/StudentTrade/StudentTrade/Composer/vendor/twig/twig/lib/Twig/Parser.php(95): Twig_Parser->subparse(NULL, false)
#7 /home/johan/Git/StudentTrade/StudentTrade/Composer/vendor/twig/twig/lib/Twig/Environment.php(507): Twig_Parser->parse(Object(Twig_TokenStream))
#8 /home/johan/Git/StudentTrade/StudentTrade/Composer/vendor/twig/twig/lib/Twig/Environment.php(559): Twig_Environment->parse(Object(Twig_TokenStream))
#9 /home/johan/Git/StudentTrade/StudentTrade/Composer/vendor/twig/twig/lib/Twig/Environment.php(331): Twig_Environment->compileSource('<html>??<head>?...', 'layout.tpl')
#10 /home/johan/Git/StudentTrade/StudentTrade/Composer/vendor/twig/twig/lib/Twig/Environment.php(331) : eval()'d code(10): Twig_Environment->loadTemplate('layout.tpl')
#11 /home/johan/Git/StudentTrade/StudentTrade/Composer/vendor/twig/twig/lib/Twig/Environment.php(345): __TwigTemplate_ad32b69cff38dbf8a4eea8889bb9ac4ca9fd4c3bf70e60fc96b3973c141d411a->__construct(Object(Twig_Environment))
#12 /home/johan/Git/StudentTrade/StudentTrade/Composer/vendor/slim/views/Slim/Views/Twig.php(86): Twig_Environment->loadTemplate('front.tpl')
#13 /home/johan/Git/StudentTrade/StudentTrade/Composer/vendor/slim/slim/Slim/View.php(255): Slim\Views\Twig->render('front.tpl', NULL)
#14 /home/johan/Git/StudentTrade/StudentTrade/Composer/vendor/slim/slim/Slim/View.php(243): Slim\View->fetch('front.tpl', NULL)
#15 /home/johan/Git/StudentTrade/StudentTrade/Composer/vendor/slim/slim/Slim/Slim.php(751): Slim\View->display('front.tpl')
#16 /home/johan/Git/StudentTrade/index.php(56): Slim\Slim->render('front.tpl', Array)
#17 [internal function]: {closure}('hej')
#18 /home/johan/Git/StudentTrade/StudentTrade/Composer/vendor/slim/slim/Slim/Route.php(441): call_user_func_array(Object(Closure), Array)
#19 /home/johan/Git/StudentTrade/StudentTrade/Composer/vendor/slim/slim/Slim/Slim.php(1314): Slim\Route->dispatch()
#20 /home/johan/Git/StudentTrade/StudentTrade/Composer/vendor/slim/slim/Slim/Middleware/Flash.php(85): Slim\Slim->call()
#21 /home/johan/Git/StudentTrade/StudentTrade/Composer/vendor/slim/slim/Slim/Middleware/MethodOverride.php(92): Slim\Middleware\Flash->call()
#22 /home/johan/Git/StudentTrade/StudentTrade/Composer/vendor/slim/slim/Slim/Middleware/PrettyExceptions.php(67): Slim\Middleware\MethodOverride->call()
#23 /home/johan/Git/StudentTrade/StudentTrade/Composer/vendor/slim/slim/Slim/Slim.php(1261): Slim\Middleware\PrettyExceptions->call()
#24 /home/johan/Git/StudentTrade/index.php(64): Slim\Slim->run()
#25 {main}
